<?xml version="1.0" encoding="UTF-8"?>
<!-- Generated by org.testng.reporters.JUnitXMLReporter -->
<testsuite hostname="DAAS-SAPTS-V007" ignored="0" name="professional.com" tests="17" failures="6" timestamp="06 Mar 2018 07:03:27 GMT" time="50.947" errors="0">
  <testcase name="@AfterMethod onTestSuccess" time="2.094" classname="Mathi.Test.RequestaccessvalidationTestB">
    <failure type="org.openqa.selenium.NoSuchSessionException" message="no such session
  (Driver info: chromedriver=2.33.506120 (e3e53437346286c0bc2d2dc9aa4915ba81d9023f),platform=Windows NT 6.1.7601 SP1 x86_64) (WARNING: The server did not provide any stacktrace information)
Command duration or timeout: 0 milliseconds
Build info: version: &amp;apos;3.8.1&amp;apos;, revision: &amp;apos;6e95a6684b&amp;apos;, time: &amp;apos;2017-12-01T18:33:54.468Z&amp;apos;
System info: host: &amp;apos;DAAS-SAPTS-V007&amp;apos;, ip: &amp;apos;10.49.72.49&amp;apos;, os.name: &amp;apos;Windows 7&amp;apos;, os.arch: &amp;apos;x86&amp;apos;, os.version: &amp;apos;6.1&amp;apos;, java.version: &amp;apos;1.8.0_161&amp;apos;
Driver info: org.openqa.selenium.chrome.ChromeDriver
Capabilities {acceptSslCerts: true, applicationCacheEnabled: false, browserConnectionEnabled: false, browserName: chrome, chrome: {chromedriverVersion: 2.33.506120 (e3e53437346286..., userDataDir: C:\Users\padivv2\AppData\Lo...}, cssSelectorsEnabled: true, databaseEnabled: false, handlesAlerts: true, hasTouchScreen: false, javascriptEnabled: true, locationContextEnabled: true, mobileEmulationEnabled: false, nativeEvents: true, networkConnectionEnabled: false, pageLoadStrategy: normal, platform: XP, platformName: XP, rotatable: false, setWindowRect: true, takesHeapSnapshot: true, takesScreenshot: true, unexpectedAlertBehaviour: , unhandledPromptBehavior: , version: 63.0.3239.132, webStorageEnabled: true}
Session ID: 28a970a8fbc1859357d274410265f562">
      <![CDATA[org.openqa.selenium.NoSuchSessionException: no such session
  (Driver info: chromedriver=2.33.506120 (e3e53437346286c0bc2d2dc9aa4915ba81d9023f),platform=Windows NT 6.1.7601 SP1 x86_64) (WARNING: The server did not provide any stacktrace information)
Command duration or timeout: 0 milliseconds
Build info: version: '3.8.1', revision: '6e95a6684b', time: '2017-12-01T18:33:54.468Z'
System info: host: 'DAAS-SAPTS-V007', ip: '10.49.72.49', os.name: 'Windows 7', os.arch: 'x86', os.version: '6.1', java.version: '1.8.0_161'
Driver info: org.openqa.selenium.chrome.ChromeDriver
Capabilities {acceptSslCerts: true, applicationCacheEnabled: false, browserConnectionEnabled: false, browserName: chrome, chrome: {chromedriverVersion: 2.33.506120 (e3e53437346286..., userDataDir: C:\Users\padivv2\AppData\Lo...}, cssSelectorsEnabled: true, databaseEnabled: false, handlesAlerts: true, hasTouchScreen: false, javascriptEnabled: true, locationContextEnabled: true, mobileEmulationEnabled: false, nativeEvents: true, networkConnectionEnabled: false, pageLoadStrategy: normal, platform: XP, platformName: XP, rotatable: false, setWindowRect: true, takesHeapSnapshot: true, takesScreenshot: true, unexpectedAlertBehaviour: , unhandledPromptBehavior: , version: 63.0.3239.132, webStorageEnabled: true}
Session ID: 28a970a8fbc1859357d274410265f562
	at org.openqa.selenium.remote.ErrorHandler.createThrowable(ErrorHandler.java:214)
	at org.openqa.selenium.remote.ErrorHandler.throwIfResponseFailed(ErrorHandler.java:166)
	at org.openqa.selenium.remote.http.JsonHttpResponseCodec.reconstructValue(JsonHttpResponseCodec.java:40)
	at org.openqa.selenium.remote.http.AbstractHttpResponseCodec.decode(AbstractHttpResponseCodec.java:80)
	at org.openqa.selenium.remote.http.AbstractHttpResponseCodec.decode(AbstractHttpResponseCodec.java:44)
	at org.openqa.selenium.remote.HttpCommandExecutor.execute(HttpCommandExecutor.java:164)
	at org.openqa.selenium.remote.service.DriverCommandExecutor.execute(DriverCommandExecutor.java:83)
	at org.openqa.selenium.remote.RemoteWebDriver.execute(RemoteWebDriver.java:601)
	at org.openqa.selenium.remote.RemoteWebDriver.execute(RemoteWebDriver.java:658)
	at org.openqa.selenium.remote.RemoteWebDriver.getScreenshotAs(RemoteWebDriver.java:343)
	at Mathi.Test.RequestaccessvalidationTestB.onTestSuccess(RequestaccessvalidationTestB.java:252)
... Removed 33 stack frames]]>
    </failure>
  </testcase> <!-- @AfterMethod onTestSuccess -->
  <testcase name="Launchbrowser" time="15.736" classname="Mathi.Test.RequestaccessvalidationTestB"/>
  <testcase name="SelectRegion" time="8.899" classname="Mathi.Test.RequestaccessvalidationTestB"/>
  <testcase name="ClickSubmit" time="9.218" classname="Mathi.Test.RequestaccessvalidationTestB"/>
  <testcase name="ValidateHeaderErrormessages" time="0.173" classname="Mathi.Test.RequestaccessvalidationTestB">
    <failure type="java.lang.AssertionError" message="expected [Please correct the errors below.] but found [Please correct the error below.]">
      <![CDATA[java.lang.AssertionError: expected [Please correct the errors below.] but found [Please correct the error below.]
	at Mathi.Test.RequestaccessvalidationTestB.ValidateHeaderErrormessages(RequestaccessvalidationTestB.java:96)
... Removed 34 stack frames]]>
    </failure>
  </testcase> <!-- ValidateHeaderErrormessages -->
  <testcase name="ValidateEmailErrormessages" time="0.173" classname="Mathi.Test.RequestaccessvalidationTestB">
    <failure type="java.lang.AssertionError" message="expected [Please enter an e-mail address] but found [Please enter an email address]">
      <![CDATA[java.lang.AssertionError: expected [Please enter an e-mail address] but found [Please enter an email address]
	at Mathi.Test.RequestaccessvalidationTestB.ValidateEmailErrormessages(RequestaccessvalidationTestB.java:105)
... Removed 34 stack frames]]>
    </failure>
  </testcase> <!-- ValidateEmailErrormessages -->
  <testcase name="ValidatepasswordErrormessages" time="0.175" classname="Mathi.Test.RequestaccessvalidationTestB">
    <failure type="java.lang.AssertionError" message="expected [Password must contain seven characters or more] but found [Password must contain seven characters or more ]">
      <![CDATA[java.lang.AssertionError: expected [Password must contain seven characters or more] but found [Password must contain seven characters or more ]
	at Mathi.Test.RequestaccessvalidationTestB.ValidatepasswordErrormessages(RequestaccessvalidationTestB.java:116)
... Removed 34 stack frames]]>
    </failure>
  </testcase> <!-- ValidatepasswordErrormessages -->
  <testcase name="ValidateFNErrormessages" time="0.13" classname="Mathi.Test.RequestaccessvalidationTestB">
    <failure type="java.lang.AssertionError" message="expected [Please enter a first name] but found [Please enter first name]">
      <![CDATA[java.lang.AssertionError: expected [Please enter a first name] but found [Please enter first name]
	at Mathi.Test.RequestaccessvalidationTestB.ValidateFNErrormessages(RequestaccessvalidationTestB.java:127)
... Removed 34 stack frames]]>
    </failure>
  </testcase> <!-- ValidateFNErrormessages -->
  <testcase name="ValidateLNErrormessages" time="0.144" classname="Mathi.Test.RequestaccessvalidationTestB"/>
  <testcase name="ValidateFacilityErrormessages" time="0.15" classname="Mathi.Test.RequestaccessvalidationTestB"/>
  <testcase name="ValidateAddress1Errormessages" time="0.142" classname="Mathi.Test.RequestaccessvalidationTestB"/>
  <testcase name="ValidateCityErrormessages" time="0.125" classname="Mathi.Test.RequestaccessvalidationTestB"/>
  <testcase name="ValidateStateErrormessages" time="0.167" classname="Mathi.Test.RequestaccessvalidationTestB">
    <failure type="java.lang.AssertionError" message="expected [Please select a state] but found [Please ]">
      <![CDATA[java.lang.AssertionError: expected [Please select a state] but found [Please ]
	at Mathi.Test.RequestaccessvalidationTestB.ValidateStateErrormessages(RequestaccessvalidationTestB.java:184)
... Removed 34 stack frames]]>
    </failure>
  </testcase> <!-- ValidateStateErrormessages -->
  <testcase name="ValidateZipcodeErrormessages" time="0.148" classname="Mathi.Test.RequestaccessvalidationTestB">
    <failure type="java.lang.AssertionError" message="expected [Please enter a ZIP/Postal Code] but found [Please enter ]">
      <![CDATA[java.lang.AssertionError: expected [Please enter a ZIP/Postal Code] but found [Please enter ]
	at Mathi.Test.RequestaccessvalidationTestB.ValidateZipcodeErrormessages(RequestaccessvalidationTestB.java:196)
... Removed 34 stack frames]]>
    </failure>
  </testcase> <!-- ValidateZipcodeErrormessages -->
  <testcase name="ValidatePhoneErrormessages" time="0.127" classname="Mathi.Test.RequestaccessvalidationTestB"/>
  <testcase name="ValidateSpecialityErrormessages" time="0.125" classname="Mathi.Test.RequestaccessvalidationTestB"/>
  <testcase name="ValidateHCPCheckboxErrormessages" time="0.139" classname="Mathi.Test.RequestaccessvalidationTestB"/>
  <testcase name="Closebrowser" time="2.905" classname="Mathi.Test.RequestaccessvalidationTestB"/>
</testsuite> <!-- professional.com -->
