<!DOCTYPE html PUBLIC "-//W3C//DTD XHTML 1.1//EN" "http://www.w3.org/TR/xhtml11/DTD/xhtml11.dtd">
<html xmlns="http://www.w3.org/1999/xhtml"><head><title>TestNG Report</title><style type="text/css">table {margin-bottom:10px;border-collapse:collapse;empty-cells:show}th,td {border:1px solid #009;padding:.25em .5em}th {vertical-align:bottom}td {vertical-align:top}table a {font-weight:bold}.stripe td {background-color: #E6EBF9}.num {text-align:right}.passedodd td {background-color: #3F3}.passedeven td {background-color: #0A0}.skippedodd td {background-color: #DDD}.skippedeven td {background-color: #CCC}.failedodd td,.attn {background-color: #F33}.failedeven td,.stripe .attn {background-color: #D00}.stacktrace {white-space:pre;font-family:monospace}.totop {font-size:85%;text-align:center;border-bottom:2px solid #000}</style></head><body><table><tr><th>Test</th><th># Passed</th><th># Skipped</th><th># Failed</th><th>Time (ms)</th><th>Included Groups</th><th>Excluded Groups</th></tr><tr><th colspan="7">TestSuite</th></tr><tr><td><a href="#t0">professional.com</a></td><td class="num">17</td><td class="num">0</td><td class="num attn">6</td><td class="num">61,640</td><td></td><td></td></tr></table><table id='summary'><thead><tr><th>Class</th><th>Method</th><th>Start</th><th>Time (ms)</th></tr></thead><tbody><tr><th colspan="4">TestSuite</th></tr></tbody><tbody id="t0"><tr><th colspan="4">professional.com &#8212; failed (configuration methods)</th></tr><tr class="failedeven"><td rowspan="1">Mathi.Test.RequestaccessvalidationTestB</td><td><a href="#m0">onTestSuccess</a></td><td rowspan="1">1519404121030</td><td rowspan="1">1938</td></tr><tr class="failedodd"><td rowspan="1">Mathi.Test.SeleniumQC2</td><td><a href="#m1">onTestSuccess</a></td><td rowspan="1">1519404110374</td><td rowspan="1">2203</td></tr><tr><th colspan="4">professional.com &#8212; failed</th></tr><tr class="failedeven"><td rowspan="6">Mathi.Test.RequestaccessvalidationTestB</td><td><a href="#m2">ValidateEmailErrormessages</a></td><td rowspan="1">1519404105594</td><td rowspan="1">66</td></tr><tr class="failedeven"><td><a href="#m3">ValidateFNErrormessages</a></td><td rowspan="1">1519404112592</td><td rowspan="1">47</td></tr><tr class="failedeven"><td><a href="#m4">ValidateHeaderErrormessages</a></td><td rowspan="1">1519404099798</td><td rowspan="1">58</td></tr><tr class="failedeven"><td><a href="#m5">ValidateStateErrormessages</a></td><td rowspan="1">1519404115092</td><td rowspan="1">62</td></tr><tr class="failedeven"><td><a href="#m6">ValidateZipcodeErrormessages</a></td><td rowspan="1">1519404115856</td><td rowspan="1">47</td></tr><tr class="failedeven"><td><a href="#m7">ValidatepasswordErrormessages</a></td><td rowspan="1">1519404106922</td><td rowspan="1">51</td></tr><tr><th colspan="4">professional.com &#8212; passed</th></tr><tr class="passedeven"><td rowspan="11">Mathi.Test.RequestaccessvalidationTestB</td><td><a href="#m8">ClickSubmit</a></td><td rowspan="1">1519404090902</td><td rowspan="1">7908</td></tr><tr class="passedeven"><td><a href="#m9">Closebrowser</a></td><td rowspan="1">1519404117906</td><td rowspan="1">3124</td></tr><tr class="passedeven"><td><a href="#m10">Launchbrowser</a></td><td rowspan="1">1519404061344</td><td rowspan="1">12365</td></tr><tr class="passedeven"><td><a href="#m11">SelectRegion</a></td><td rowspan="1">1519404081298</td><td rowspan="1">8327</td></tr><tr class="passedeven"><td><a href="#m12">ValidateAddress1Errormessages</a></td><td rowspan="1">1519404114284</td><td rowspan="1">49</td></tr><tr class="passedeven"><td><a href="#m13">ValidateCityErrormessages</a></td><td rowspan="1">1519404114691</td><td rowspan="1">47</td></tr><tr class="passedeven"><td><a href="#m14">ValidateFacilityErrormessages</a></td><td rowspan="1">1519404113791</td><td rowspan="1">47</td></tr><tr class="passedeven"><td><a href="#m15">ValidateHCPCheckboxErrormessages</a></td><td rowspan="1">1519404117491</td><td rowspan="1">47</td></tr><tr class="passedeven"><td><a href="#m16">ValidateLNErrormessages</a></td><td rowspan="1">1519404113373</td><td rowspan="1">47</td></tr><tr class="passedeven"><td><a href="#m17">ValidatePhoneErrormessages</a></td><td rowspan="1">1519404116641</td><td rowspan="1">48</td></tr><tr class="passedeven"><td><a href="#m18">ValidateSpecialityErrormessages</a></td><td rowspan="1">1519404117073</td><td rowspan="1">63</td></tr><tr class="passedodd"><td rowspan="6">Mathi.Test.SeleniumQC2</td><td><a href="#m19">CheckPagetile</a></td><td rowspan="1">1519404106407</td><td rowspan="1">12</td></tr><tr class="passedodd"><td><a href="#m20">ClickSubmit</a></td><td rowspan="1">1519404100646</td><td rowspan="1">4298</td></tr><tr class="passedodd"><td><a href="#m21">Closebrowser</a></td><td rowspan="1">1519404107786</td><td rowspan="1">2588</td></tr><tr class="passedodd"><td><a href="#m22">Enterlogin</a></td><td rowspan="1">1519404089990</td><td rowspan="1">247</td></tr><tr class="passedodd"><td><a href="#m23">Enterpassword</a></td><td rowspan="1">1519404099186</td><td rowspan="1">127</td></tr><tr class="passedodd"><td><a href="#m24">LaunchBrowser</a></td><td rowspan="1">1519404074121</td><td rowspan="1">6631</td></tr></tbody></table><h2>professional.com</h2><h3 id="m0">Mathi.Test.RequestaccessvalidationTestB#onTestSuccess</h3><table class="result"><tr class="param"><th>Parameter #1</th></tr><tr class="param stripe"><td>[TestResult name=Closebrowser status=SUCCESS method=RequestaccessvalidationTestB.Closebrowser()[pri:17, instance:Mathi.Test.RequestaccessvalidationTestB@3967ea] output={null}]</td></tr><tr><th>Exception</th></tr><tr><td><div class="stacktrace">org.openqa.selenium.NoSuchSessionException: no such session
  (Driver info: chromedriver=2.33.506120 (e3e53437346286c0bc2d2dc9aa4915ba81d9023f),platform=Windows NT 6.1.7601 SP1 x86_64) (WARNING: The server did not provide any stacktrace information)
Command duration or timeout: 0 milliseconds
Build info: version: &apos;3.8.1&apos;, revision: &apos;6e95a6684b&apos;, time: &apos;2017-12-01T18:33:54.468Z&apos;
System info: host: &apos;DAAS-SAPTS-V007&apos;, ip: &apos;10.49.72.49&apos;, os.name: &apos;Windows 7&apos;, os.arch: &apos;x86&apos;, os.version: &apos;6.1&apos;, java.version: &apos;1.8.0_161&apos;
Driver info: org.openqa.selenium.chrome.ChromeDriver
Capabilities {acceptSslCerts: true, applicationCacheEnabled: false, browserConnectionEnabled: false, browserName: chrome, chrome: {chromedriverVersion: 2.33.506120 (e3e53437346286..., userDataDir: C:\Users\padivv2\AppData\Lo...}, cssSelectorsEnabled: true, databaseEnabled: false, handlesAlerts: true, hasTouchScreen: false, javascriptEnabled: true, locationContextEnabled: true, mobileEmulationEnabled: false, nativeEvents: true, networkConnectionEnabled: false, pageLoadStrategy: normal, platform: XP, platformName: XP, rotatable: false, setWindowRect: true, takesHeapSnapshot: true, takesScreenshot: true, unexpectedAlertBehaviour: , unhandledPromptBehavior: , version: 63.0.3239.132, webStorageEnabled: true}
Session ID: b28b283c9dc6abd51c2daf3e42065802
	at org.openqa.selenium.remote.ErrorHandler.createThrowable(ErrorHandler.java:214)
	at org.openqa.selenium.remote.ErrorHandler.throwIfResponseFailed(ErrorHandler.java:166)
	at org.openqa.selenium.remote.http.JsonHttpResponseCodec.reconstructValue(JsonHttpResponseCodec.java:40)
	at org.openqa.selenium.remote.http.AbstractHttpResponseCodec.decode(AbstractHttpResponseCodec.java:80)
	at org.openqa.selenium.remote.http.AbstractHttpResponseCodec.decode(AbstractHttpResponseCodec.java:44)
	at org.openqa.selenium.remote.HttpCommandExecutor.execute(HttpCommandExecutor.java:164)
	at org.openqa.selenium.remote.service.DriverCommandExecutor.execute(DriverCommandExecutor.java:83)
	at org.openqa.selenium.remote.RemoteWebDriver.execute(RemoteWebDriver.java:601)
	at org.openqa.selenium.remote.RemoteWebDriver.execute(RemoteWebDriver.java:658)
	at org.openqa.selenium.remote.RemoteWebDriver.getScreenshotAs(RemoteWebDriver.java:343)
	at Mathi.Test.RequestaccessvalidationTestB.onTestSuccess(RequestaccessvalidationTestB.java:252)
... Removed 33 stack frames</div></td></tr></table><p class="totop"><a href="#summary">back to summary</a></p><h3 id="m1">Mathi.Test.SeleniumQC2#onTestSuccess</h3><table class="result"><tr class="param"><th>Parameter #1</th></tr><tr class="param stripe"><td>[TestResult name=Closebrowser status=SUCCESS method=SeleniumQC2.Closebrowser()[pri:6, instance:Mathi.Test.SeleniumQC2@e9c95d] output={null}]</td></tr><tr><th>Exception</th></tr><tr><td><div class="stacktrace">org.openqa.selenium.NoSuchSessionException: no such session
  (Driver info: chromedriver=2.33.506120 (e3e53437346286c0bc2d2dc9aa4915ba81d9023f),platform=Windows NT 6.1.7601 SP1 x86_64) (WARNING: The server did not provide any stacktrace information)
Command duration or timeout: 0 milliseconds
Build info: version: &apos;3.8.1&apos;, revision: &apos;6e95a6684b&apos;, time: &apos;2017-12-01T18:33:54.468Z&apos;
System info: host: &apos;DAAS-SAPTS-V007&apos;, ip: &apos;10.49.72.49&apos;, os.name: &apos;Windows 7&apos;, os.arch: &apos;x86&apos;, os.version: &apos;6.1&apos;, java.version: &apos;1.8.0_161&apos;
Driver info: org.openqa.selenium.chrome.ChromeDriver
Capabilities {acceptSslCerts: true, applicationCacheEnabled: false, browserConnectionEnabled: false, browserName: chrome, chrome: {chromedriverVersion: 2.33.506120 (e3e53437346286..., userDataDir: C:\Users\padivv2\AppData\Lo...}, cssSelectorsEnabled: true, databaseEnabled: false, handlesAlerts: true, hasTouchScreen: false, javascriptEnabled: true, locationContextEnabled: true, mobileEmulationEnabled: false, nativeEvents: true, networkConnectionEnabled: false, pageLoadStrategy: normal, platform: XP, platformName: XP, rotatable: false, setWindowRect: true, takesHeapSnapshot: true, takesScreenshot: true, unexpectedAlertBehaviour: , unhandledPromptBehavior: , version: 63.0.3239.132, webStorageEnabled: true}
Session ID: 330550aa2c088aadda1d88dd1b592f2c
	at org.openqa.selenium.remote.ErrorHandler.createThrowable(ErrorHandler.java:214)
	at org.openqa.selenium.remote.ErrorHandler.throwIfResponseFailed(ErrorHandler.java:166)
	at org.openqa.selenium.remote.http.JsonHttpResponseCodec.reconstructValue(JsonHttpResponseCodec.java:40)
	at org.openqa.selenium.remote.http.AbstractHttpResponseCodec.decode(AbstractHttpResponseCodec.java:80)
	at org.openqa.selenium.remote.http.AbstractHttpResponseCodec.decode(AbstractHttpResponseCodec.java:44)
	at org.openqa.selenium.remote.HttpCommandExecutor.execute(HttpCommandExecutor.java:164)
	at org.openqa.selenium.remote.service.DriverCommandExecutor.execute(DriverCommandExecutor.java:83)
	at org.openqa.selenium.remote.RemoteWebDriver.execute(RemoteWebDriver.java:601)
	at org.openqa.selenium.remote.RemoteWebDriver.execute(RemoteWebDriver.java:658)
	at org.openqa.selenium.remote.RemoteWebDriver.getScreenshotAs(RemoteWebDriver.java:343)
	at Mathi.Test.SeleniumQC2.onTestSuccess(SeleniumQC2.java:80)
... Removed 34 stack frames</div></td></tr></table><p class="totop"><a href="#summary">back to summary</a></p><h3 id="m2">Mathi.Test.RequestaccessvalidationTestB#ValidateEmailErrormessages</h3><table class="result"><tr><th>Exception</th></tr><tr><td><div class="stacktrace">java.lang.AssertionError: expected [Please enter an e-mail address] but found [Please enter an email address]
	at Mathi.Test.RequestaccessvalidationTestB.ValidateEmailErrormessages(RequestaccessvalidationTestB.java:105)
... Removed 34 stack frames</div></td></tr></table><p class="totop"><a href="#summary">back to summary</a></p><h3 id="m3">Mathi.Test.RequestaccessvalidationTestB#ValidateFNErrormessages</h3><table class="result"><tr><th>Exception</th></tr><tr><td><div class="stacktrace">java.lang.AssertionError: expected [Please enter a first name] but found [Please enter first name]
	at Mathi.Test.RequestaccessvalidationTestB.ValidateFNErrormessages(RequestaccessvalidationTestB.java:127)
... Removed 34 stack frames</div></td></tr></table><p class="totop"><a href="#summary">back to summary</a></p><h3 id="m4">Mathi.Test.RequestaccessvalidationTestB#ValidateHeaderErrormessages</h3><table class="result"><tr><th>Exception</th></tr><tr><td><div class="stacktrace">java.lang.AssertionError: expected [Please correct the errors below.] but found [Please correct the error below.]
	at Mathi.Test.RequestaccessvalidationTestB.ValidateHeaderErrormessages(RequestaccessvalidationTestB.java:96)
... Removed 34 stack frames</div></td></tr></table><p class="totop"><a href="#summary">back to summary</a></p><h3 id="m5">Mathi.Test.RequestaccessvalidationTestB#ValidateStateErrormessages</h3><table class="result"><tr><th>Exception</th></tr><tr><td><div class="stacktrace">java.lang.AssertionError: expected [Please select a state] but found [Please ]
	at Mathi.Test.RequestaccessvalidationTestB.ValidateStateErrormessages(RequestaccessvalidationTestB.java:184)
... Removed 34 stack frames</div></td></tr></table><p class="totop"><a href="#summary">back to summary</a></p><h3 id="m6">Mathi.Test.RequestaccessvalidationTestB#ValidateZipcodeErrormessages</h3><table class="result"><tr><th>Exception</th></tr><tr><td><div class="stacktrace">java.lang.AssertionError: expected [Please enter a ZIP/Postal Code] but found [Please enter ]
	at Mathi.Test.RequestaccessvalidationTestB.ValidateZipcodeErrormessages(RequestaccessvalidationTestB.java:196)
... Removed 34 stack frames</div></td></tr></table><p class="totop"><a href="#summary">back to summary</a></p><h3 id="m7">Mathi.Test.RequestaccessvalidationTestB#ValidatepasswordErrormessages</h3><table class="result"><tr><th>Exception</th></tr><tr><td><div class="stacktrace">java.lang.AssertionError: expected [Password must contain seven characters or more] but found [Password must contain seven characters or more ]
	at Mathi.Test.RequestaccessvalidationTestB.ValidatepasswordErrormessages(RequestaccessvalidationTestB.java:116)
... Removed 34 stack frames</div></td></tr></table><p class="totop"><a href="#summary">back to summary</a></p><h3 id="m8">Mathi.Test.RequestaccessvalidationTestB#ClickSubmit</h3><table class="result"></table><p class="totop"><a href="#summary">back to summary</a></p><h3 id="m9">Mathi.Test.RequestaccessvalidationTestB#Closebrowser</h3><table class="result"></table><p class="totop"><a href="#summary">back to summary</a></p><h3 id="m10">Mathi.Test.RequestaccessvalidationTestB#Launchbrowser</h3><table class="result"></table><p class="totop"><a href="#summary">back to summary</a></p><h3 id="m11">Mathi.Test.RequestaccessvalidationTestB#SelectRegion</h3><table class="result"></table><p class="totop"><a href="#summary">back to summary</a></p><h3 id="m12">Mathi.Test.RequestaccessvalidationTestB#ValidateAddress1Errormessages</h3><table class="result"></table><p class="totop"><a href="#summary">back to summary</a></p><h3 id="m13">Mathi.Test.RequestaccessvalidationTestB#ValidateCityErrormessages</h3><table class="result"></table><p class="totop"><a href="#summary">back to summary</a></p><h3 id="m14">Mathi.Test.RequestaccessvalidationTestB#ValidateFacilityErrormessages</h3><table class="result"></table><p class="totop"><a href="#summary">back to summary</a></p><h3 id="m15">Mathi.Test.RequestaccessvalidationTestB#ValidateHCPCheckboxErrormessages</h3><table class="result"></table><p class="totop"><a href="#summary">back to summary</a></p><h3 id="m16">Mathi.Test.RequestaccessvalidationTestB#ValidateLNErrormessages</h3><table class="result"></table><p class="totop"><a href="#summary">back to summary</a></p><h3 id="m17">Mathi.Test.RequestaccessvalidationTestB#ValidatePhoneErrormessages</h3><table class="result"></table><p class="totop"><a href="#summary">back to summary</a></p><h3 id="m18">Mathi.Test.RequestaccessvalidationTestB#ValidateSpecialityErrormessages</h3><table class="result"></table><p class="totop"><a href="#summary">back to summary</a></p><h3 id="m19">Mathi.Test.SeleniumQC2#CheckPagetile</h3><table class="result"></table><p class="totop"><a href="#summary">back to summary</a></p><h3 id="m20">Mathi.Test.SeleniumQC2#ClickSubmit</h3><table class="result"></table><p class="totop"><a href="#summary">back to summary</a></p><h3 id="m21">Mathi.Test.SeleniumQC2#Closebrowser</h3><table class="result"></table><p class="totop"><a href="#summary">back to summary</a></p><h3 id="m22">Mathi.Test.SeleniumQC2#Enterlogin</h3><table class="result"></table><p class="totop"><a href="#summary">back to summary</a></p><h3 id="m23">Mathi.Test.SeleniumQC2#Enterpassword</h3><table class="result"></table><p class="totop"><a href="#summary">back to summary</a></p><h3 id="m24">Mathi.Test.SeleniumQC2#LaunchBrowser</h3><table class="result"></table><p class="totop"><a href="#summary">back to summary</a></p></body></html>