<!DOCTYPE html>

<html>
  <head>
  <meta charset='utf-8'>
  <title>TestNG reports</title>

    <link type="text/css" href="testng-reports.css" rel="stylesheet" />
    <script type="text/javascript" src="jquery-1.7.1.min.js"></script>
    <script type="text/javascript" src="testng-reports.js"></script>
    <script type="text/javascript" src="https://www.google.com/jsapi"></script>
    <script type='text/javascript'>
      google.load('visualization', '1', {packages:['table']});
      google.setOnLoadCallback(drawTable);
      var suiteTableInitFunctions = new Array();
      var suiteTableData = new Array();
    </script>
    <!--
      <script type="text/javascript" src="jquery-ui/js/jquery-ui-1.8.16.custom.min.js"></script>
     -->
  </head>

  <body>
    <div class="top-banner-root">
      <span class="top-banner-title-font">Test results</span>
      <br/>
      <span class="top-banner-font-1">1 suite, 6 failed tests</span>
    </div> <!-- top-banner-root -->
    <div class="navigator-root">
      <div class="navigator-suite-header">
        <span>All suites</span>
        <a href="#" class="collapse-all-link" title="Collapse/expand all the suites">
          <img class="collapse-all-icon" src="collapseall.gif">
          </img> <!-- collapse-all-icon -->
        </a> <!-- collapse-all-link -->
      </div> <!-- navigator-suite-header -->
      <div class="suite">
        <div class="rounded-window">
          <div class="suite-header light-rounded-window-top">
            <a href="#" class="navigator-link" panel-name="suite-TestSuite">
              <span class="suite-name border-failed">TestSuite</span>
            </a> <!-- navigator-link -->
          </div> <!-- suite-header light-rounded-window-top -->
          <div class="navigator-suite-content">
            <div class="suite-section-title">
              <span>Info</span>
            </div> <!-- suite-section-title -->
            <div class="suite-section-content">
              <ul>
                <li>
                  <a href="#" class="navigator-link " panel-name="test-xml-TestSuite">
                    <span>C:\Users\padivv2\eclipse-workspace\Test\Testsuit2.xml</span>
                  </a> <!-- navigator-link  -->
                </li>
                <li>
                  <a href="#" class="navigator-link " panel-name="testlist-TestSuite">
                    <span class="test-stats">1 test</span>
                  </a> <!-- navigator-link  -->
                </li>
                <li>
                  <a href="#" class="navigator-link " panel-name="group-TestSuite">
                    <span>0 groups</span>
                  </a> <!-- navigator-link  -->
                </li>
                <li>
                  <a href="#" class="navigator-link " panel-name="times-TestSuite">
                    <span>Times</span>
                  </a> <!-- navigator-link  -->
                </li>
                <li>
                  <a href="#" class="navigator-link " panel-name="reporter-TestSuite">
                    <span>Reporter output</span>
                  </a> <!-- navigator-link  -->
                </li>
                <li>
                  <a href="#" class="navigator-link " panel-name="ignored-methods-TestSuite">
                    <span>Ignored methods</span>
                  </a> <!-- navigator-link  -->
                </li>
                <li>
                  <a href="#" class="navigator-link " panel-name="chronological-TestSuite">
                    <span>Chronological view</span>
                  </a> <!-- navigator-link  -->
                </li>
              </ul>
            </div> <!-- suite-section-content -->
            <div class="result-section">
              <div class="suite-section-title">
                <span>Results</span>
              </div> <!-- suite-section-title -->
              <div class="suite-section-content">
                <ul>
                  <li>
                    <span class="method-stats">23 methods, 6 failed,   17 passed</span>
                  </li>
                  <li>
                    <span class="method-list-title failed">Failed methods</span>
                    <span class="show-or-hide-methods failed">
                      <a href="#" panel-name="suite-TestSuite" class="hide-methods failed suite-TestSuite"> (hide)</a> <!-- hide-methods failed suite-TestSuite -->
                      <a href="#" panel-name="suite-TestSuite" class="show-methods failed suite-TestSuite"> (show)</a> <!-- show-methods failed suite-TestSuite -->
                    </span>
                    <div class="method-list-content failed suite-TestSuite">
                      <span>
                        <img width="3%" src="failed.png"/>
                        <a href="#" class="method navigator-link" panel-name="suite-TestSuite" title="Mathi.Test.RequestaccessvalidationTestB" hash-for-method="ValidateEmailErrormessages">ValidateEmailErrormessages</a> <!-- method navigator-link -->
                      </span>
                      <br/>
                      <span>
                        <img width="3%" src="failed.png"/>
                        <a href="#" class="method navigator-link" panel-name="suite-TestSuite" title="Mathi.Test.RequestaccessvalidationTestB" hash-for-method="ValidateFNErrormessages">ValidateFNErrormessages</a> <!-- method navigator-link -->
                      </span>
                      <br/>
                      <span>
                        <img width="3%" src="failed.png"/>
                        <a href="#" class="method navigator-link" panel-name="suite-TestSuite" title="Mathi.Test.RequestaccessvalidationTestB" hash-for-method="ValidateHeaderErrormessages">ValidateHeaderErrormessages</a> <!-- method navigator-link -->
                      </span>
                      <br/>
                      <span>
                        <img width="3%" src="failed.png"/>
                        <a href="#" class="method navigator-link" panel-name="suite-TestSuite" title="Mathi.Test.RequestaccessvalidationTestB" hash-for-method="ValidateStateErrormessages">ValidateStateErrormessages</a> <!-- method navigator-link -->
                      </span>
                      <br/>
                      <span>
                        <img width="3%" src="failed.png"/>
                        <a href="#" class="method navigator-link" panel-name="suite-TestSuite" title="Mathi.Test.RequestaccessvalidationTestB" hash-for-method="ValidateZipcodeErrormessages">ValidateZipcodeErrormessages</a> <!-- method navigator-link -->
                      </span>
                      <br/>
                      <span>
                        <img width="3%" src="failed.png"/>
                        <a href="#" class="method navigator-link" panel-name="suite-TestSuite" title="Mathi.Test.RequestaccessvalidationTestB" hash-for-method="ValidatepasswordErrormessages">ValidatepasswordErrormessages</a> <!-- method navigator-link -->
                      </span>
                      <br/>
                    </div> <!-- method-list-content failed suite-TestSuite -->
                  </li>
                  <li>
                    <span class="method-list-title passed">Passed methods</span>
                    <span class="show-or-hide-methods passed">
                      <a href="#" panel-name="suite-TestSuite" class="hide-methods passed suite-TestSuite"> (hide)</a> <!-- hide-methods passed suite-TestSuite -->
                      <a href="#" panel-name="suite-TestSuite" class="show-methods passed suite-TestSuite"> (show)</a> <!-- show-methods passed suite-TestSuite -->
                    </span>
                    <div class="method-list-content passed suite-TestSuite">
                      <span>
                        <img width="3%" src="passed.png"/>
                        <a href="#" class="method navigator-link" panel-name="suite-TestSuite" title="Mathi.Test.SeleniumQC2" hash-for-method="CheckPagetile">CheckPagetile</a> <!-- method navigator-link -->
                      </span>
                      <br/>
                      <span>
                        <img width="3%" src="passed.png"/>
                        <a href="#" class="method navigator-link" panel-name="suite-TestSuite" title="Mathi.Test.RequestaccessvalidationTestB" hash-for-method="ClickSubmit">ClickSubmit</a> <!-- method navigator-link -->
                      </span>
                      <br/>
                      <span>
                        <img width="3%" src="passed.png"/>
                        <a href="#" class="method navigator-link" panel-name="suite-TestSuite" title="Mathi.Test.SeleniumQC2" hash-for-method="ClickSubmit">ClickSubmit</a> <!-- method navigator-link -->
                      </span>
                      <br/>
                      <span>
                        <img width="3%" src="passed.png"/>
                        <a href="#" class="method navigator-link" panel-name="suite-TestSuite" title="Mathi.Test.RequestaccessvalidationTestB" hash-for-method="Closebrowser">Closebrowser</a> <!-- method navigator-link -->
                      </span>
                      <br/>
                      <span>
                        <img width="3%" src="passed.png"/>
                        <a href="#" class="method navigator-link" panel-name="suite-TestSuite" title="Mathi.Test.SeleniumQC2" hash-for-method="Closebrowser">Closebrowser</a> <!-- method navigator-link -->
                      </span>
                      <br/>
                      <span>
                        <img width="3%" src="passed.png"/>
                        <a href="#" class="method navigator-link" panel-name="suite-TestSuite" title="Mathi.Test.SeleniumQC2" hash-for-method="Enterlogin">Enterlogin</a> <!-- method navigator-link -->
                      </span>
                      <br/>
                      <span>
                        <img width="3%" src="passed.png"/>
                        <a href="#" class="method navigator-link" panel-name="suite-TestSuite" title="Mathi.Test.SeleniumQC2" hash-for-method="Enterpassword">Enterpassword</a> <!-- method navigator-link -->
                      </span>
                      <br/>
                      <span>
                        <img width="3%" src="passed.png"/>
                        <a href="#" class="method navigator-link" panel-name="suite-TestSuite" title="Mathi.Test.SeleniumQC2" hash-for-method="LaunchBrowser">LaunchBrowser</a> <!-- method navigator-link -->
                      </span>
                      <br/>
                      <span>
                        <img width="3%" src="passed.png"/>
                        <a href="#" class="method navigator-link" panel-name="suite-TestSuite" title="Mathi.Test.RequestaccessvalidationTestB" hash-for-method="Launchbrowser">Launchbrowser</a> <!-- method navigator-link -->
                      </span>
                      <br/>
                      <span>
                        <img width="3%" src="passed.png"/>
                        <a href="#" class="method navigator-link" panel-name="suite-TestSuite" title="Mathi.Test.RequestaccessvalidationTestB" hash-for-method="SelectRegion">SelectRegion</a> <!-- method navigator-link -->
                      </span>
                      <br/>
                      <span>
                        <img width="3%" src="passed.png"/>
                        <a href="#" class="method navigator-link" panel-name="suite-TestSuite" title="Mathi.Test.RequestaccessvalidationTestB" hash-for-method="ValidateAddress1Errormessages">ValidateAddress1Errormessages</a> <!-- method navigator-link -->
                      </span>
                      <br/>
                      <span>
                        <img width="3%" src="passed.png"/>
                        <a href="#" class="method navigator-link" panel-name="suite-TestSuite" title="Mathi.Test.RequestaccessvalidationTestB" hash-for-method="ValidateCityErrormessages">ValidateCityErrormessages</a> <!-- method navigator-link -->
                      </span>
                      <br/>
                      <span>
                        <img width="3%" src="passed.png"/>
                        <a href="#" class="method navigator-link" panel-name="suite-TestSuite" title="Mathi.Test.RequestaccessvalidationTestB" hash-for-method="ValidateFacilityErrormessages">ValidateFacilityErrormessages</a> <!-- method navigator-link -->
                      </span>
                      <br/>
                      <span>
                        <img width="3%" src="passed.png"/>
                        <a href="#" class="method navigator-link" panel-name="suite-TestSuite" title="Mathi.Test.RequestaccessvalidationTestB" hash-for-method="ValidateHCPCheckboxErrormessages">ValidateHCPCheckboxErrormessages</a> <!-- method navigator-link -->
                      </span>
                      <br/>
                      <span>
                        <img width="3%" src="passed.png"/>
                        <a href="#" class="method navigator-link" panel-name="suite-TestSuite" title="Mathi.Test.RequestaccessvalidationTestB" hash-for-method="ValidateLNErrormessages">ValidateLNErrormessages</a> <!-- method navigator-link -->
                      </span>
                      <br/>
                      <span>
                        <img width="3%" src="passed.png"/>
                        <a href="#" class="method navigator-link" panel-name="suite-TestSuite" title="Mathi.Test.RequestaccessvalidationTestB" hash-for-method="ValidatePhoneErrormessages">ValidatePhoneErrormessages</a> <!-- method navigator-link -->
                      </span>
                      <br/>
                      <span>
                        <img width="3%" src="passed.png"/>
                        <a href="#" class="method navigator-link" panel-name="suite-TestSuite" title="Mathi.Test.RequestaccessvalidationTestB" hash-for-method="ValidateSpecialityErrormessages">ValidateSpecialityErrormessages</a> <!-- method navigator-link -->
                      </span>
                      <br/>
                    </div> <!-- method-list-content passed suite-TestSuite -->
                  </li>
                </ul>
              </div> <!-- suite-section-content -->
            </div> <!-- result-section -->
          </div> <!-- navigator-suite-content -->
        </div> <!-- rounded-window -->
      </div> <!-- suite -->
    </div> <!-- navigator-root -->
    <div class="wrapper">
      <div class="main-panel-root">
        <div panel-name="suite-TestSuite" class="panel TestSuite">
          <div class="suite-TestSuite-class-failed">
            <div class="main-panel-header rounded-window-top">
              <img src="failed.png"/>
              <span class="class-name">Mathi.Test.RequestaccessvalidationTestB</span>
            </div> <!-- main-panel-header rounded-window-top -->
            <div class="main-panel-content rounded-window-bottom">
              <div class="method">
                <div class="method-content">
                  <a name="ValidateEmailErrormessages">
                  </a> <!-- ValidateEmailErrormessages -->
                  <span class="method-name">ValidateEmailErrormessages</span>
                  <div class="stack-trace">java.lang.AssertionError: expected [Please enter an e-mail address] but found [Please enter an email address]
	at Mathi.Test.RequestaccessvalidationTestB.ValidateEmailErrormessages(RequestaccessvalidationTestB.java:105)
... Removed 34 stack frames
</div> <!-- stack-trace -->
                </div> <!-- method-content -->
              </div> <!-- method -->
              <div class="method">
                <div class="method-content">
                  <a name="ValidateFNErrormessages">
                  </a> <!-- ValidateFNErrormessages -->
                  <span class="method-name">ValidateFNErrormessages</span>
                  <div class="stack-trace">java.lang.AssertionError: expected [Please enter a first name] but found [Please enter first name]
	at Mathi.Test.RequestaccessvalidationTestB.ValidateFNErrormessages(RequestaccessvalidationTestB.java:127)
... Removed 34 stack frames
</div> <!-- stack-trace -->
                </div> <!-- method-content -->
              </div> <!-- method -->
              <div class="method">
                <div class="method-content">
                  <a name="ValidateHeaderErrormessages">
                  </a> <!-- ValidateHeaderErrormessages -->
                  <span class="method-name">ValidateHeaderErrormessages</span>
                  <div class="stack-trace">java.lang.AssertionError: expected [Please correct the errors below.] but found [Please correct the error below.]
	at Mathi.Test.RequestaccessvalidationTestB.ValidateHeaderErrormessages(RequestaccessvalidationTestB.java:96)
... Removed 34 stack frames
</div> <!-- stack-trace -->
                </div> <!-- method-content -->
              </div> <!-- method -->
              <div class="method">
                <div class="method-content">
                  <a name="ValidateStateErrormessages">
                  </a> <!-- ValidateStateErrormessages -->
                  <span class="method-name">ValidateStateErrormessages</span>
                  <div class="stack-trace">java.lang.AssertionError: expected [Please select a state] but found [Please ]
	at Mathi.Test.RequestaccessvalidationTestB.ValidateStateErrormessages(RequestaccessvalidationTestB.java:184)
... Removed 34 stack frames
</div> <!-- stack-trace -->
                </div> <!-- method-content -->
              </div> <!-- method -->
              <div class="method">
                <div class="method-content">
                  <a name="ValidateZipcodeErrormessages">
                  </a> <!-- ValidateZipcodeErrormessages -->
                  <span class="method-name">ValidateZipcodeErrormessages</span>
                  <div class="stack-trace">java.lang.AssertionError: expected [Please enter a ZIP/Postal Code] but found [Please enter ]
	at Mathi.Test.RequestaccessvalidationTestB.ValidateZipcodeErrormessages(RequestaccessvalidationTestB.java:196)
... Removed 34 stack frames
</div> <!-- stack-trace -->
                </div> <!-- method-content -->
              </div> <!-- method -->
              <div class="method">
                <div class="method-content">
                  <a name="ValidatepasswordErrormessages">
                  </a> <!-- ValidatepasswordErrormessages -->
                  <span class="method-name">ValidatepasswordErrormessages</span>
                  <div class="stack-trace">java.lang.AssertionError: expected [Password must contain seven characters or more] but found [Password must contain seven characters or more ]
	at Mathi.Test.RequestaccessvalidationTestB.ValidatepasswordErrormessages(RequestaccessvalidationTestB.java:116)
... Removed 34 stack frames
</div> <!-- stack-trace -->
                </div> <!-- method-content -->
              </div> <!-- method -->
            </div> <!-- main-panel-content rounded-window-bottom -->
          </div> <!-- suite-TestSuite-class-failed -->
          <div class="suite-TestSuite-class-passed">
            <div class="main-panel-header rounded-window-top">
              <img src="passed.png"/>
              <span class="class-name">Mathi.Test.SeleniumQC2</span>
            </div> <!-- main-panel-header rounded-window-top -->
            <div class="main-panel-content rounded-window-bottom">
              <div class="method">
                <div class="method-content">
                  <a name="CheckPagetile">
                  </a> <!-- CheckPagetile -->
                  <span class="method-name">CheckPagetile</span>
                </div> <!-- method-content -->
              </div> <!-- method -->
              <div class="method">
                <div class="method-content">
                  <a name="ClickSubmit">
                  </a> <!-- ClickSubmit -->
                  <span class="method-name">ClickSubmit</span>
                </div> <!-- method-content -->
              </div> <!-- method -->
              <div class="method">
                <div class="method-content">
                  <a name="Closebrowser">
                  </a> <!-- Closebrowser -->
                  <span class="method-name">Closebrowser</span>
                </div> <!-- method-content -->
              </div> <!-- method -->
              <div class="method">
                <div class="method-content">
                  <a name="Enterlogin">
                  </a> <!-- Enterlogin -->
                  <span class="method-name">Enterlogin</span>
                </div> <!-- method-content -->
              </div> <!-- method -->
              <div class="method">
                <div class="method-content">
                  <a name="Enterpassword">
                  </a> <!-- Enterpassword -->
                  <span class="method-name">Enterpassword</span>
                </div> <!-- method-content -->
              </div> <!-- method -->
              <div class="method">
                <div class="method-content">
                  <a name="LaunchBrowser">
                  </a> <!-- LaunchBrowser -->
                  <span class="method-name">LaunchBrowser</span>
                </div> <!-- method-content -->
              </div> <!-- method -->
            </div> <!-- main-panel-content rounded-window-bottom -->
          </div> <!-- suite-TestSuite-class-passed -->
          <div class="suite-TestSuite-class-passed">
            <div class="main-panel-header rounded-window-top">
              <img src="passed.png"/>
              <span class="class-name">Mathi.Test.RequestaccessvalidationTestB</span>
            </div> <!-- main-panel-header rounded-window-top -->
            <div class="main-panel-content rounded-window-bottom">
              <div class="method">
                <div class="method-content">
                  <a name="ClickSubmit">
                  </a> <!-- ClickSubmit -->
                  <span class="method-name">ClickSubmit</span>
                </div> <!-- method-content -->
              </div> <!-- method -->
              <div class="method">
                <div class="method-content">
                  <a name="Closebrowser">
                  </a> <!-- Closebrowser -->
                  <span class="method-name">Closebrowser</span>
                </div> <!-- method-content -->
              </div> <!-- method -->
              <div class="method">
                <div class="method-content">
                  <a name="Launchbrowser">
                  </a> <!-- Launchbrowser -->
                  <span class="method-name">Launchbrowser</span>
                </div> <!-- method-content -->
              </div> <!-- method -->
              <div class="method">
                <div class="method-content">
                  <a name="SelectRegion">
                  </a> <!-- SelectRegion -->
                  <span class="method-name">SelectRegion</span>
                </div> <!-- method-content -->
              </div> <!-- method -->
              <div class="method">
                <div class="method-content">
                  <a name="ValidateAddress1Errormessages">
                  </a> <!-- ValidateAddress1Errormessages -->
                  <span class="method-name">ValidateAddress1Errormessages</span>
                </div> <!-- method-content -->
              </div> <!-- method -->
              <div class="method">
                <div class="method-content">
                  <a name="ValidateCityErrormessages">
                  </a> <!-- ValidateCityErrormessages -->
                  <span class="method-name">ValidateCityErrormessages</span>
                </div> <!-- method-content -->
              </div> <!-- method -->
              <div class="method">
                <div class="method-content">
                  <a name="ValidateFacilityErrormessages">
                  </a> <!-- ValidateFacilityErrormessages -->
                  <span class="method-name">ValidateFacilityErrormessages</span>
                </div> <!-- method-content -->
              </div> <!-- method -->
              <div class="method">
                <div class="method-content">
                  <a name="ValidateHCPCheckboxErrormessages">
                  </a> <!-- ValidateHCPCheckboxErrormessages -->
                  <span class="method-name">ValidateHCPCheckboxErrormessages</span>
                </div> <!-- method-content -->
              </div> <!-- method -->
              <div class="method">
                <div class="method-content">
                  <a name="ValidateLNErrormessages">
                  </a> <!-- ValidateLNErrormessages -->
                  <span class="method-name">ValidateLNErrormessages</span>
                </div> <!-- method-content -->
              </div> <!-- method -->
              <div class="method">
                <div class="method-content">
                  <a name="ValidatePhoneErrormessages">
                  </a> <!-- ValidatePhoneErrormessages -->
                  <span class="method-name">ValidatePhoneErrormessages</span>
                </div> <!-- method-content -->
              </div> <!-- method -->
              <div class="method">
                <div class="method-content">
                  <a name="ValidateSpecialityErrormessages">
                  </a> <!-- ValidateSpecialityErrormessages -->
                  <span class="method-name">ValidateSpecialityErrormessages</span>
                </div> <!-- method-content -->
              </div> <!-- method -->
            </div> <!-- main-panel-content rounded-window-bottom -->
          </div> <!-- suite-TestSuite-class-passed -->
        </div> <!-- panel TestSuite -->
        <div panel-name="test-xml-TestSuite" class="panel">
          <div class="main-panel-header rounded-window-top">
            <span class="header-content">C:\Users\padivv2\eclipse-workspace\Test\Testsuit2.xml</span>
          </div> <!-- main-panel-header rounded-window-top -->
          <div class="main-panel-content rounded-window-bottom">
            <pre>
&lt;?xml version=&quot;1.0&quot; encoding=&quot;UTF-8&quot;?&gt;
&lt;!DOCTYPE suite SYSTEM &quot;http://testng.org/testng-1.0.dtd&quot;&gt;
&lt;suite guice-stage=&quot;DEVELOPMENT&quot; verbose=&quot;0&quot; name=&quot;TestSuite&quot;&gt;
  &lt;test name=&quot;professional.com&quot;&gt;
    &lt;classes&gt;
      &lt;class name=&quot;Mathi.Test.RequestaccessvalidationTestB&quot;/&gt;
      &lt;class name=&quot;Mathi.Test.SeleniumQC2&quot;/&gt;
    &lt;/classes&gt;
  &lt;/test&gt; &lt;!-- professional.com --&gt;
&lt;/suite&gt; &lt;!-- TestSuite --&gt;
            </pre>
          </div> <!-- main-panel-content rounded-window-bottom -->
        </div> <!-- panel -->
        <div panel-name="testlist-TestSuite" class="panel">
          <div class="main-panel-header rounded-window-top">
            <span class="header-content">Tests for TestSuite</span>
          </div> <!-- main-panel-header rounded-window-top -->
          <div class="main-panel-content rounded-window-bottom">
            <ul>
              <li>
                <span class="test-name">professional.com (2 classes)</span>
              </li>
            </ul>
          </div> <!-- main-panel-content rounded-window-bottom -->
        </div> <!-- panel -->
        <div panel-name="group-TestSuite" class="panel">
          <div class="main-panel-header rounded-window-top">
            <span class="header-content">Groups for TestSuite</span>
          </div> <!-- main-panel-header rounded-window-top -->
          <div class="main-panel-content rounded-window-bottom">
          </div> <!-- main-panel-content rounded-window-bottom -->
        </div> <!-- panel -->
        <div panel-name="times-TestSuite" class="panel">
          <div class="main-panel-header rounded-window-top">
            <span class="header-content">Times for TestSuite</span>
          </div> <!-- main-panel-header rounded-window-top -->
          <div class="main-panel-content rounded-window-bottom">
            <div class="times-div">
              <script type="text/javascript">
suiteTableInitFunctions.push('tableData_TestSuite');
function tableData_TestSuite() {
var data = new google.visualization.DataTable();
data.addColumn('number', 'Number');
data.addColumn('string', 'Method');
data.addColumn('string', 'Class');
data.addColumn('number', 'Time (ms)');
data.addRows(23);
data.setCell(0, 0, 0)
data.setCell(0, 1, 'Launchbrowser')
data.setCell(0, 2, 'Mathi.Test.RequestaccessvalidationTestB')
data.setCell(0, 3, 12365);
data.setCell(1, 0, 1)
data.setCell(1, 1, 'SelectRegion')
data.setCell(1, 2, 'Mathi.Test.RequestaccessvalidationTestB')
data.setCell(1, 3, 8327);
data.setCell(2, 0, 2)
data.setCell(2, 1, 'ClickSubmit')
data.setCell(2, 2, 'Mathi.Test.RequestaccessvalidationTestB')
data.setCell(2, 3, 7908);
data.setCell(3, 0, 3)
data.setCell(3, 1, 'LaunchBrowser')
data.setCell(3, 2, 'Mathi.Test.SeleniumQC2')
data.setCell(3, 3, 6631);
data.setCell(4, 0, 4)
data.setCell(4, 1, 'ClickSubmit')
data.setCell(4, 2, 'Mathi.Test.SeleniumQC2')
data.setCell(4, 3, 4298);
data.setCell(5, 0, 5)
data.setCell(5, 1, 'Closebrowser')
data.setCell(5, 2, 'Mathi.Test.RequestaccessvalidationTestB')
data.setCell(5, 3, 3124);
data.setCell(6, 0, 6)
data.setCell(6, 1, 'Closebrowser')
data.setCell(6, 2, 'Mathi.Test.SeleniumQC2')
data.setCell(6, 3, 2588);
data.setCell(7, 0, 7)
data.setCell(7, 1, 'Enterlogin')
data.setCell(7, 2, 'Mathi.Test.SeleniumQC2')
data.setCell(7, 3, 247);
data.setCell(8, 0, 8)
data.setCell(8, 1, 'Enterpassword')
data.setCell(8, 2, 'Mathi.Test.SeleniumQC2')
data.setCell(8, 3, 127);
data.setCell(9, 0, 9)
data.setCell(9, 1, 'ValidateEmailErrormessages')
data.setCell(9, 2, 'Mathi.Test.RequestaccessvalidationTestB')
data.setCell(9, 3, 66);
data.setCell(10, 0, 10)
data.setCell(10, 1, 'ValidateSpecialityErrormessages')
data.setCell(10, 2, 'Mathi.Test.RequestaccessvalidationTestB')
data.setCell(10, 3, 63);
data.setCell(11, 0, 11)
data.setCell(11, 1, 'ValidateStateErrormessages')
data.setCell(11, 2, 'Mathi.Test.RequestaccessvalidationTestB')
data.setCell(11, 3, 62);
data.setCell(12, 0, 12)
data.setCell(12, 1, 'ValidateHeaderErrormessages')
data.setCell(12, 2, 'Mathi.Test.RequestaccessvalidationTestB')
data.setCell(12, 3, 58);
data.setCell(13, 0, 13)
data.setCell(13, 1, 'ValidatepasswordErrormessages')
data.setCell(13, 2, 'Mathi.Test.RequestaccessvalidationTestB')
data.setCell(13, 3, 51);
data.setCell(14, 0, 14)
data.setCell(14, 1, 'ValidateAddress1Errormessages')
data.setCell(14, 2, 'Mathi.Test.RequestaccessvalidationTestB')
data.setCell(14, 3, 49);
data.setCell(15, 0, 15)
data.setCell(15, 1, 'ValidatePhoneErrormessages')
data.setCell(15, 2, 'Mathi.Test.RequestaccessvalidationTestB')
data.setCell(15, 3, 48);
data.setCell(16, 0, 16)
data.setCell(16, 1, 'ValidateCityErrormessages')
data.setCell(16, 2, 'Mathi.Test.RequestaccessvalidationTestB')
data.setCell(16, 3, 47);
data.setCell(17, 0, 17)
data.setCell(17, 1, 'ValidateFacilityErrormessages')
data.setCell(17, 2, 'Mathi.Test.RequestaccessvalidationTestB')
data.setCell(17, 3, 47);
data.setCell(18, 0, 18)
data.setCell(18, 1, 'ValidateHCPCheckboxErrormessages')
data.setCell(18, 2, 'Mathi.Test.RequestaccessvalidationTestB')
data.setCell(18, 3, 47);
data.setCell(19, 0, 19)
data.setCell(19, 1, 'ValidateLNErrormessages')
data.setCell(19, 2, 'Mathi.Test.RequestaccessvalidationTestB')
data.setCell(19, 3, 47);
data.setCell(20, 0, 20)
data.setCell(20, 1, 'ValidateFNErrormessages')
data.setCell(20, 2, 'Mathi.Test.RequestaccessvalidationTestB')
data.setCell(20, 3, 47);
data.setCell(21, 0, 21)
data.setCell(21, 1, 'ValidateZipcodeErrormessages')
data.setCell(21, 2, 'Mathi.Test.RequestaccessvalidationTestB')
data.setCell(21, 3, 47);
data.setCell(22, 0, 22)
data.setCell(22, 1, 'CheckPagetile')
data.setCell(22, 2, 'Mathi.Test.SeleniumQC2')
data.setCell(22, 3, 12);
window.suiteTableData['TestSuite']= { tableData: data, tableDiv: 'times-div-TestSuite'}
return data;
}
              </script>
              <span class="suite-total-time">Total running time: 46 seconds</span>
              <div id="times-div-TestSuite">
              </div> <!-- times-div-TestSuite -->
            </div> <!-- times-div -->
          </div> <!-- main-panel-content rounded-window-bottom -->
        </div> <!-- panel -->
        <div panel-name="reporter-TestSuite" class="panel">
          <div class="main-panel-header rounded-window-top">
            <span class="header-content">Reporter output for TestSuite</span>
          </div> <!-- main-panel-header rounded-window-top -->
          <div class="main-panel-content rounded-window-bottom">
          </div> <!-- main-panel-content rounded-window-bottom -->
        </div> <!-- panel -->
        <div panel-name="ignored-methods-TestSuite" class="panel">
          <div class="main-panel-header rounded-window-top">
            <span class="header-content">0 ignored methods</span>
          </div> <!-- main-panel-header rounded-window-top -->
          <div class="main-panel-content rounded-window-bottom">
          </div> <!-- main-panel-content rounded-window-bottom -->
        </div> <!-- panel -->
        <div panel-name="chronological-TestSuite" class="panel">
          <div class="main-panel-header rounded-window-top">
            <span class="header-content">Methods in chronological order</span>
          </div> <!-- main-panel-header rounded-window-top -->
          <div class="main-panel-content rounded-window-bottom">
            <div class="chronological-class">
              <div class="chronological-class-name">Mathi.Test.RequestaccessvalidationTestB</div> <!-- chronological-class-name -->
              <div class="test-method">
                <span class="method-name">Launchbrowser</span>
                <span class="method-start">0 ms</span>
              </div> <!-- test-method -->
              <div class="configuration-method after">
                <span class="method-name">onTestSuccess([TestResult name=Launchbrowser status=SUCCESS method=RequestaccessvalidationTestB.Launchbrowser()[pr...)</span>
                <span class="method-start">12365 ms</span>
              </div> <!-- configuration-method after -->
            </div> <!-- chronological-class -->
            <div class="chronological-class">
              <div class="chronological-class-name">Mathi.Test.SeleniumQC2</div> <!-- chronological-class-name -->
              <div class="test-method">
                <span class="method-name">LaunchBrowser</span>
                <span class="method-start">12777 ms</span>
              </div> <!-- test-method -->
              <div class="configuration-method after">
                <span class="method-name">onTestSuccess([TestResult name=LaunchBrowser status=SUCCESS method=SeleniumQC2.LaunchBrowser()[pri:1, instance:Mat...)</span>
                <span class="method-start">19408 ms</span>
              </div> <!-- configuration-method after -->
            </div> <!-- chronological-class -->
            <div class="chronological-class">
              <div class="chronological-class-name">Mathi.Test.RequestaccessvalidationTestB</div> <!-- chronological-class-name -->
              <div class="test-method">
                <span class="method-name">SelectRegion</span>
                <span class="method-start">19954 ms</span>
              </div> <!-- test-method -->
              <div class="configuration-method after">
                <span class="method-name">onTestSuccess([TestResult name=SelectRegion status=SUCCESS method=RequestaccessvalidationTestB.SelectRegion()[pri:...)</span>
                <span class="method-start">28282 ms</span>
              </div> <!-- configuration-method after -->
            </div> <!-- chronological-class -->
            <div class="chronological-class">
              <div class="chronological-class-name">Mathi.Test.SeleniumQC2</div> <!-- chronological-class-name -->
              <div class="test-method">
                <span class="method-name">Enterlogin</span>
                <span class="method-start">28646 ms</span>
              </div> <!-- test-method -->
              <div class="configuration-method after">
                <span class="method-name">onTestSuccess([TestResult name=Enterlogin status=SUCCESS method=SeleniumQC2.Enterlogin()[pri:2, instance:Mathi.Tes...)</span>
                <span class="method-start">28893 ms</span>
              </div> <!-- configuration-method after -->
            </div> <!-- chronological-class -->
            <div class="chronological-class">
              <div class="chronological-class-name">Mathi.Test.RequestaccessvalidationTestB</div> <!-- chronological-class-name -->
              <div class="test-method">
                <span class="method-name">ClickSubmit</span>
                <span class="method-start">29558 ms</span>
              </div> <!-- test-method -->
              <div class="configuration-method after">
                <span class="method-name">onTestSuccess([TestResult name=ClickSubmit status=SUCCESS method=RequestaccessvalidationTestB.ClickSubmit()[pri:3,...)</span>
                <span class="method-start">37466 ms</span>
              </div> <!-- configuration-method after -->
            </div> <!-- chronological-class -->
            <div class="chronological-class">
              <div class="chronological-class-name">Mathi.Test.SeleniumQC2</div> <!-- chronological-class-name -->
              <div class="test-method">
                <span class="method-name">Enterpassword</span>
                <span class="method-start">37842 ms</span>
              </div> <!-- test-method -->
              <div class="configuration-method after">
                <span class="method-name">onTestSuccess([TestResult name=Enterpassword status=SUCCESS method=SeleniumQC2.Enterpassword()[pri:3, instance:Mat...)</span>
                <span class="method-start">37969 ms</span>
              </div> <!-- configuration-method after -->
            </div> <!-- chronological-class -->
            <div class="chronological-class">
              <div class="chronological-class-name">Mathi.Test.RequestaccessvalidationTestB</div> <!-- chronological-class-name -->
              <div class="test-method">
                <img src="failed.png">
                </img>
                <span class="method-name">ValidateHeaderErrormessages</span>
                <span class="method-start">38454 ms</span>
              </div> <!-- test-method -->
              <div class="configuration-method after">
                <span class="method-name">onTestSuccess([TestResult name=ValidateHeaderErrormessages status=FAILURE method=RequestaccessvalidationTestB.Vali...)</span>
                <span class="method-start">38941 ms</span>
              </div> <!-- configuration-method after -->
            </div> <!-- chronological-class -->
            <div class="chronological-class">
              <div class="chronological-class-name">Mathi.Test.SeleniumQC2</div> <!-- chronological-class-name -->
              <div class="test-method">
                <span class="method-name">ClickSubmit</span>
                <span class="method-start">39302 ms</span>
              </div> <!-- test-method -->
              <div class="configuration-method after">
                <span class="method-name">onTestSuccess([TestResult name=ClickSubmit status=SUCCESS method=SeleniumQC2.ClickSubmit()[pri:4, instance:Mathi.T...)</span>
                <span class="method-start">43600 ms</span>
              </div> <!-- configuration-method after -->
            </div> <!-- chronological-class -->
            <div class="chronological-class">
              <div class="chronological-class-name">Mathi.Test.RequestaccessvalidationTestB</div> <!-- chronological-class-name -->
              <div class="test-method">
                <img src="failed.png">
                </img>
                <span class="method-name">ValidateEmailErrormessages</span>
                <span class="method-start">44250 ms</span>
              </div> <!-- test-method -->
              <div class="configuration-method after">
                <span class="method-name">onTestSuccess([TestResult name=ValidateEmailErrormessages status=FAILURE method=RequestaccessvalidationTestB.Valid...)</span>
                <span class="method-start">44698 ms</span>
              </div> <!-- configuration-method after -->
            </div> <!-- chronological-class -->
            <div class="chronological-class">
              <div class="chronological-class-name">Mathi.Test.SeleniumQC2</div> <!-- chronological-class-name -->
              <div class="test-method">
                <span class="method-name">CheckPagetile</span>
                <span class="method-start">45063 ms</span>
              </div> <!-- test-method -->
              <div class="configuration-method after">
                <span class="method-name">onTestSuccess([TestResult name=CheckPagetile status=SUCCESS method=SeleniumQC2.CheckPagetile()[pri:5, instance:Mat...)</span>
                <span class="method-start">45075 ms</span>
              </div> <!-- configuration-method after -->
            </div> <!-- chronological-class -->
            <div class="chronological-class">
              <div class="chronological-class-name">Mathi.Test.RequestaccessvalidationTestB</div> <!-- chronological-class-name -->
              <div class="test-method">
                <img src="failed.png">
                </img>
                <span class="method-name">ValidatepasswordErrormessages</span>
                <span class="method-start">45578 ms</span>
              </div> <!-- test-method -->
              <div class="configuration-method after">
                <span class="method-name">onTestSuccess([TestResult name=ValidatepasswordErrormessages status=FAILURE method=RequestaccessvalidationTestB.Va...)</span>
                <span class="method-start">46054 ms</span>
              </div> <!-- configuration-method after -->
            </div> <!-- chronological-class -->
            <div class="chronological-class">
              <div class="chronological-class-name">Mathi.Test.SeleniumQC2</div> <!-- chronological-class-name -->
              <div class="test-method">
                <span class="method-name">Closebrowser</span>
                <span class="method-start">46442 ms</span>
              </div> <!-- test-method -->
              <div class="configuration-method after">
                <img src="failed.png">
                </img>
                <span class="method-name">onTestSuccess([TestResult name=Closebrowser status=SUCCESS method=SeleniumQC2.Closebrowser()[pri:6, instance:Mathi...)</span>
                <span class="method-start">49030 ms</span>
              </div> <!-- configuration-method after -->
            </div> <!-- chronological-class -->
            <div class="chronological-class">
              <div class="chronological-class-name">Mathi.Test.RequestaccessvalidationTestB</div> <!-- chronological-class-name -->
              <div class="test-method">
                <img src="failed.png">
                </img>
                <span class="method-name">ValidateFNErrormessages</span>
                <span class="method-start">51248 ms</span>
              </div> <!-- test-method -->
              <div class="configuration-method after">
                <span class="method-name">onTestSuccess([TestResult name=ValidateFNErrormessages status=FAILURE method=RequestaccessvalidationTestB.Validate...)</span>
                <span class="method-start">51647 ms</span>
              </div> <!-- configuration-method after -->
              <div class="test-method">
                <span class="method-name">ValidateLNErrormessages</span>
                <span class="method-start">52029 ms</span>
              </div> <!-- test-method -->
              <div class="configuration-method after">
                <span class="method-name">onTestSuccess([TestResult name=ValidateLNErrormessages status=SUCCESS method=RequestaccessvalidationTestB.Validate...)</span>
                <span class="method-start">52076 ms</span>
              </div> <!-- configuration-method after -->
              <div class="test-method">
                <span class="method-name">ValidateFacilityErrormessages</span>
                <span class="method-start">52447 ms</span>
              </div> <!-- test-method -->
              <div class="configuration-method after">
                <span class="method-name">onTestSuccess([TestResult name=ValidateFacilityErrormessages status=SUCCESS method=RequestaccessvalidationTestB.Va...)</span>
                <span class="method-start">52494 ms</span>
              </div> <!-- configuration-method after -->
              <div class="test-method">
                <span class="method-name">ValidateAddress1Errormessages</span>
                <span class="method-start">52940 ms</span>
              </div> <!-- test-method -->
              <div class="configuration-method after">
                <span class="method-name">onTestSuccess([TestResult name=ValidateAddress1Errormessages status=SUCCESS method=RequestaccessvalidationTestB.Va...)</span>
                <span class="method-start">52989 ms</span>
              </div> <!-- configuration-method after -->
              <div class="test-method">
                <span class="method-name">ValidateCityErrormessages</span>
                <span class="method-start">53347 ms</span>
              </div> <!-- test-method -->
              <div class="configuration-method after">
                <span class="method-name">onTestSuccess([TestResult name=ValidateCityErrormessages status=SUCCESS method=RequestaccessvalidationTestB.Valida...)</span>
                <span class="method-start">53394 ms</span>
              </div> <!-- configuration-method after -->
              <div class="test-method">
                <img src="failed.png">
                </img>
                <span class="method-name">ValidateStateErrormessages</span>
                <span class="method-start">53748 ms</span>
              </div> <!-- test-method -->
              <div class="configuration-method after">
                <span class="method-name">onTestSuccess([TestResult name=ValidateStateErrormessages status=FAILURE method=RequestaccessvalidationTestB.Valid...)</span>
                <span class="method-start">54164 ms</span>
              </div> <!-- configuration-method after -->
              <div class="test-method">
                <img src="failed.png">
                </img>
                <span class="method-name">ValidateZipcodeErrormessages</span>
                <span class="method-start">54512 ms</span>
              </div> <!-- test-method -->
              <div class="configuration-method after">
                <span class="method-name">onTestSuccess([TestResult name=ValidateZipcodeErrormessages status=FAILURE method=RequestaccessvalidationTestB.Val...)</span>
                <span class="method-start">54930 ms</span>
              </div> <!-- configuration-method after -->
              <div class="test-method">
                <span class="method-name">ValidatePhoneErrormessages</span>
                <span class="method-start">55297 ms</span>
              </div> <!-- test-method -->
              <div class="configuration-method after">
                <span class="method-name">onTestSuccess([TestResult name=ValidatePhoneErrormessages status=SUCCESS method=RequestaccessvalidationTestB.Valid...)</span>
                <span class="method-start">55345 ms</span>
              </div> <!-- configuration-method after -->
              <div class="test-method">
                <span class="method-name">ValidateSpecialityErrormessages</span>
                <span class="method-start">55729 ms</span>
              </div> <!-- test-method -->
              <div class="configuration-method after">
                <span class="method-name">onTestSuccess([TestResult name=ValidateSpecialityErrormessages status=SUCCESS method=RequestaccessvalidationTestB....)</span>
                <span class="method-start">55792 ms</span>
              </div> <!-- configuration-method after -->
              <div class="test-method">
                <span class="method-name">ValidateHCPCheckboxErrormessages</span>
                <span class="method-start">56147 ms</span>
              </div> <!-- test-method -->
              <div class="configuration-method after">
                <span class="method-name">onTestSuccess([TestResult name=ValidateHCPCheckboxErrormessages status=SUCCESS method=RequestaccessvalidationTestB...)</span>
                <span class="method-start">56194 ms</span>
              </div> <!-- configuration-method after -->
              <div class="test-method">
                <span class="method-name">Closebrowser</span>
                <span class="method-start">56562 ms</span>
              </div> <!-- test-method -->
              <div class="configuration-method after">
                <img src="failed.png">
                </img>
                <span class="method-name">onTestSuccess([TestResult name=Closebrowser status=SUCCESS method=RequestaccessvalidationTestB.Closebrowser()[pri:...)</span>
                <span class="method-start">59686 ms</span>
              </div> <!-- configuration-method after -->
          </div> <!-- main-panel-content rounded-window-bottom -->
        </div> <!-- panel -->
      </div> <!-- main-panel-root -->
    </div> <!-- wrapper -->
  </body>
</html>
