<?xml version="1.0" encoding="UTF-8"?>
<testsuite xmlns:xsi="http://www.w3.org/2001/XMLSchema-instance" xsi:schemaLocation="https://maven.apache.org/surefire/maven-surefire-plugin/xsd/surefire-test-report.xsd" name="TestSuite" time="69.577" tests="18" errors="0" skipped="0" failures="7">
  <properties>
    <property name="java.runtime.name" value="Java(TM) SE Runtime Environment"/>
    <property name="sun.boot.library.path" value="C:\Program Files (x86)\Java\jdk1.8.0_161\jre\bin"/>
    <property name="java.vm.version" value="25.161-b12"/>
    <property name="java.vm.vendor" value="Oracle Corporation"/>
    <property name="maven.multiModuleProjectDirectory" value="C:\Users\padivv2\eclipse-workspace\Test"/>
    <property name="java.vendor.url" value="http://java.oracle.com/"/>
    <property name="path.separator" value=";"/>
    <property name="guice.disable.misplaced.annotation.check" value="true"/>
    <property name="java.vm.name" value="Java HotSpot(TM) Client VM"/>
    <property name="file.encoding.pkg" value="sun.io"/>
    <property name="user.script" value=""/>
    <property name="user.country" value="US"/>
    <property name="sun.java.launcher" value="SUN_STANDARD"/>
    <property name="sun.os.patch.level" value="Service Pack 1"/>
    <property name="java.vm.specification.name" value="Java Virtual Machine Specification"/>
    <property name="user.dir" value="C:\Users\padivv2\eclipse-workspace\Test"/>
    <property name="java.runtime.version" value="1.8.0_161-b12"/>
    <property name="java.awt.graphicsenv" value="sun.awt.Win32GraphicsEnvironment"/>
    <property name="java.endorsed.dirs" value="C:\Program Files (x86)\Java\jdk1.8.0_161\jre\lib\endorsed"/>
    <property name="os.arch" value="x86"/>
    <property name="java.io.tmpdir" value="C:\Users\padivv2\AppData\Local\Temp\"/>
    <property name="line.separator" value="&#10;"/>
    <property name="java.vm.specification.vendor" value="Oracle Corporation"/>
    <property name="user.variant" value=""/>
    <property name="os.name" value="Windows 7"/>
    <property name="classworlds.conf" value="C:\Users\padivv2\eclipse-workspace\.metadata\.plugins\org.eclipse.m2e.launching\launches\m2conf1805197708393732254.tmp"/>
    <property name="sun.jnu.encoding" value="Cp1252"/>
    <property name="java.library.path" value="C:\Program Files (x86)\Java\jdk1.8.0_161\bin;C:\WINDOWS\Sun\Java\bin;C:\WINDOWS\system32;C:\WINDOWS;C:\Program Files (x86)\apache-maven-3.5.2\bin;C:\ProgramData\Oracle\Java\javapath;C:\Program Files (x86)\Worksoft\Certify\Client;C:\Program Files (x86)\Worksoft\Certify\Interface Client\Worksoft\wsTest\ImageMatching\Opencv\x64\vc10\bin;C:\Program Files (x86)\Worksoft\Certify\Interface Client\Worksoft\wsTest\ImageMatching\Opencv\x86\vc10\bin;C:\WINDOWS\system32;C:\WINDOWS;C:\WINDOWS\System32\Wbem;C:\WINDOWS\System32\WindowsPowerShell\v1.0\;C:\WINDOWS\System32\WindowsPowerShell\v1.0\;C:\Program Files\Common Files\ThinPrint\;C:\WINDOWS\System32\WindowsPowerShell\v1.0\;C:\Program Files (x86)\Sennheiser\SoftphoneSDK\;C:\Program Files (x86)\apache-maven-3.5.2\bin;C:\ProgramData\Oracle\Java\javapath;C:\Program Files (x86)\Worksoft\Certify\Client;C:\Program Files (x86)\Worksoft\Certify\Interface Client\Worksoft\wsTest\ImageMatching\Opencv\x64\vc10\bin;C:\Program Files (x86)\Worksoft\Certify\Interface Client\Worksoft\wsTest\ImageMatching\Opencv\x86\vc10\bin;C:\WINDOWS\system32;C:\WINDOWS;C:\WINDOWS\System32\Wbem;C:\WINDOWS\System32\WindowsPowerShell\v1.0\;C:\WINDOWS\System32\WindowsPowerShell\v1.0\;C:\Program Files\Common Files\ThinPrint\; C:\WINDOWS\System32\WindowsPowerShell\v1.0\;C:\Program Files (x86)\Sennheiser\SoftphoneSDK\;C:\Users\padivv2\AppData\Local\Programs\Git\cmd;C:\Program Files (x86)\HP\Unified Functional Testing\\bin64;."/>
    <property name="java.specification.name" value="Java Platform API Specification"/>
    <property name="java.class.version" value="52.0"/>
    <property name="sun.management.compiler" value="HotSpot Client Compiler"/>
    <property name="os.version" value="6.1"/>
    <property name="user.home" value="C:\Users\padivv2"/>
    <property name="user.timezone" value="America/Chicago"/>
    <property name="java.awt.printerjob" value="sun.awt.windows.WPrinterJob"/>
    <property name="java.specification.version" value="1.8"/>
    <property name="file.encoding" value="Cp1252"/>
    <property name="user.name" value="padivv2"/>
    <property name="java.class.path" value="C:\Users\padivv2\Downloads\eclipse-dsl-oxygen-2-win32-x86_64\eclipse\plugins\org.eclipse.m2e.maven.runtime_1.8.2.20171007-0216\jars\plexus-classworlds-2.5.2.jar"/>
    <property name="java.vm.specification.version" value="1.8"/>
    <property name="sun.arch.data.model" value="32"/>
    <property name="java.home" value="C:\Program Files (x86)\Java\jdk1.8.0_161\jre"/>
    <property name="sun.java.command" value="org.codehaus.plexus.classworlds.launcher.Launcher -B test"/>
    <property name="java.specification.vendor" value="Oracle Corporation"/>
    <property name="user.language" value="en"/>
    <property name="awt.toolkit" value="sun.awt.windows.WToolkit"/>
    <property name="java.vm.info" value="mixed mode"/>
    <property name="java.version" value="1.8.0_161"/>
    <property name="java.ext.dirs" value="C:\Program Files (x86)\Java\jdk1.8.0_161\jre\lib\ext;C:\WINDOWS\Sun\Java\lib\ext"/>
    <property name="sun.boot.class.path" value="C:\Program Files (x86)\Java\jdk1.8.0_161\jre\lib\resources.jar;C:\Program Files (x86)\Java\jdk1.8.0_161\jre\lib\rt.jar;C:\Program Files (x86)\Java\jdk1.8.0_161\jre\lib\sunrsasign.jar;C:\Program Files (x86)\Java\jdk1.8.0_161\jre\lib\jsse.jar;C:\Program Files (x86)\Java\jdk1.8.0_161\jre\lib\jce.jar;C:\Program Files (x86)\Java\jdk1.8.0_161\jre\lib\charsets.jar;C:\Program Files (x86)\Java\jdk1.8.0_161\jre\lib\jfr.jar;C:\Program Files (x86)\Java\jdk1.8.0_161\jre\classes;C:\Program Files (x86)\HP\Unified Functional Testing\bin\java_shared\classes;C:\Program Files (x86)\HP\Unified Functional Testing\bin\java_shared\classes\jasmine.jar"/>
    <property name="java.vendor" value="Oracle Corporation"/>
    <property name="maven.home" value="C:\Users\padivv2\eclipse-workspace\Test\EMBEDDED"/>
    <property name="file.separator" value="\"/>
    <property name="java.vendor.url.bug" value="http://bugreport.sun.com/bugreport/"/>
    <property name="sun.cpu.endian" value="little"/>
    <property name="sun.io.unicode.encoding" value="UnicodeLittle"/>
    <property name="sun.desktop" value="windows"/>
    <property name="sun.cpu.isalist" value="pentium_pro+mmx pentium_pro pentium+mmx pentium i486 i386 i86"/>
  </properties>
  <testcase name="Launchbrowser" classname="Mathi.Test.RequestaccessvalidationTestB" time="15.72"/>
  <testcase name="SelectRegion" classname="Mathi.Test.RequestaccessvalidationTestB" time="8.899"/>
  <testcase name="ClickSubmit" classname="Mathi.Test.RequestaccessvalidationTestB" time="9.218"/>
  <testcase name="ValidateHeaderErrormessages" classname="Mathi.Test.RequestaccessvalidationTestB" time="0.173">
    <failure message="expected [Please correct the errors below.] but found [Please correct the error below.]" type="java.lang.AssertionError">java.lang.AssertionError: expected [Please correct the errors below.] but found [Please correct the error below.]
	at Mathi.Test.RequestaccessvalidationTestB.ValidateHeaderErrormessages(RequestaccessvalidationTestB.java:96)
</failure>
    <system-out><![CDATA[Bumblebee: Taking screenshot: C:\Users\padivv2\AppData\Local\Temp\screenshot1980942688627640565.png
]]></system-out>
  </testcase>
  <testcase name="ValidateEmailErrormessages" classname="Mathi.Test.RequestaccessvalidationTestB" time="0.173">
    <failure message="expected [Please enter an e-mail address] but found [Please enter an email address]" type="java.lang.AssertionError">java.lang.AssertionError: expected [Please enter an e-mail address] but found [Please enter an email address]
	at Mathi.Test.RequestaccessvalidationTestB.ValidateEmailErrormessages(RequestaccessvalidationTestB.java:105)
</failure>
    <system-out><![CDATA[Bumblebee: Taking screenshot: C:\Users\padivv2\AppData\Local\Temp\screenshot7237332684455177584.png
Bumblebee: Taking screenshot: C:\Users\padivv2\AppData\Local\Temp\screenshot1163944550486370865.png
]]></system-out>
  </testcase>
  <testcase name="ValidatepasswordErrormessages" classname="Mathi.Test.RequestaccessvalidationTestB" time="0.175">
    <failure message="expected [Password must contain seven characters or more] but found [Password must contain seven characters or more ]" type="java.lang.AssertionError">java.lang.AssertionError: expected [Password must contain seven characters or more] but found [Password must contain seven characters or more ]
	at Mathi.Test.RequestaccessvalidationTestB.ValidatepasswordErrormessages(RequestaccessvalidationTestB.java:116)
</failure>
    <system-out><![CDATA[Bumblebee: Taking screenshot: C:\Users\padivv2\AppData\Local\Temp\screenshot132080125200864401.png
Bumblebee: Taking screenshot: C:\Users\padivv2\AppData\Local\Temp\screenshot2180976192577096797.png
]]></system-out>
  </testcase>
  <testcase name="ValidateFNErrormessages" classname="Mathi.Test.RequestaccessvalidationTestB" time="0.13">
    <failure message="expected [Please enter a first name] but found [Please enter first name]" type="java.lang.AssertionError">java.lang.AssertionError: expected [Please enter a first name] but found [Please enter first name]
	at Mathi.Test.RequestaccessvalidationTestB.ValidateFNErrormessages(RequestaccessvalidationTestB.java:127)
</failure>
    <system-out><![CDATA[Bumblebee: Taking screenshot: C:\Users\padivv2\AppData\Local\Temp\screenshot1801406244066630470.png
Bumblebee: Taking screenshot: C:\Users\padivv2\AppData\Local\Temp\screenshot8921299228962028784.png
]]></system-out>
  </testcase>
  <testcase name="ValidateLNErrormessages" classname="Mathi.Test.RequestaccessvalidationTestB" time="0.144"/>
  <testcase name="ValidateFacilityErrormessages" classname="Mathi.Test.RequestaccessvalidationTestB" time="0.15"/>
  <testcase name="ValidateAddress1Errormessages" classname="Mathi.Test.RequestaccessvalidationTestB" time="0.142"/>
  <testcase name="ValidateCityErrormessages" classname="Mathi.Test.RequestaccessvalidationTestB" time="0.125"/>
  <testcase name="ValidateStateErrormessages" classname="Mathi.Test.RequestaccessvalidationTestB" time="0.167">
    <failure message="expected [Please select a state] but found [Please ]" type="java.lang.AssertionError">java.lang.AssertionError: expected [Please select a state] but found [Please ]
	at Mathi.Test.RequestaccessvalidationTestB.ValidateStateErrormessages(RequestaccessvalidationTestB.java:184)
</failure>
    <system-out><![CDATA[Bumblebee: Taking screenshot: C:\Users\padivv2\AppData\Local\Temp\screenshot6779603863420076269.png
]]></system-out>
  </testcase>
  <testcase name="ValidateZipcodeErrormessages" classname="Mathi.Test.RequestaccessvalidationTestB" time="0.148">
    <failure message="expected [Please enter a ZIP/Postal Code] but found [Please enter ]" type="java.lang.AssertionError">java.lang.AssertionError: expected [Please enter a ZIP/Postal Code] but found [Please enter ]
	at Mathi.Test.RequestaccessvalidationTestB.ValidateZipcodeErrormessages(RequestaccessvalidationTestB.java:196)
</failure>
    <system-out><![CDATA[Bumblebee: Taking screenshot: C:\Users\padivv2\AppData\Local\Temp\screenshot6567550510596276087.png
Bumblebee: Taking screenshot: C:\Users\padivv2\AppData\Local\Temp\screenshot1700089050061041940.png
]]></system-out>
  </testcase>
  <testcase name="ValidatePhoneErrormessages" classname="Mathi.Test.RequestaccessvalidationTestB" time="0.127"/>
  <testcase name="ValidateSpecialityErrormessages" classname="Mathi.Test.RequestaccessvalidationTestB" time="0.125"/>
  <testcase name="ValidateHCPCheckboxErrormessages" classname="Mathi.Test.RequestaccessvalidationTestB" time="0.139"/>
  <testcase name="Closebrowser" classname="Mathi.Test.RequestaccessvalidationTestB" time="2.905"/>
  <testcase name="onTestSuccess" classname="Mathi.Test.RequestaccessvalidationTestB" time="5.014">
    <failure message="no such session&#10;  (Driver info: chromedriver=2.33.506120 (e3e53437346286c0bc2d2dc9aa4915ba81d9023f),platform=Windows NT 6.1.7601 SP1 x86_64) (WARNING: The server did not provide any stacktrace information)&#10;Command duration or timeout: 0 milliseconds&#10;Build info: version: &apos;3.8.1&apos;, revision: &apos;6e95a6684b&apos;, time: &apos;2017-12-01T18:33:54.468Z&apos;&#10;System info: host: &apos;DAAS-SAPTS-V007&apos;, ip: &apos;10.49.72.49&apos;, os.name: &apos;Windows 7&apos;, os.arch: &apos;x86&apos;, os.version: &apos;6.1&apos;, java.version: &apos;1.8.0_161&apos;&#10;Driver info: org.openqa.selenium.chrome.ChromeDriver&#10;Capabilities {acceptSslCerts: true, applicationCacheEnabled: false, browserConnectionEnabled: false, browserName: chrome, chrome: {chromedriverVersion: 2.33.506120 (e3e53437346286..., userDataDir: C:\Users\padivv2\AppData\Lo...}, cssSelectorsEnabled: true, databaseEnabled: false, handlesAlerts: true, hasTouchScreen: false, javascriptEnabled: true, locationContextEnabled: true, mobileEmulationEnabled: false, nativeEvents: true, networkConnectionEnabled: false, pageLoadStrategy: normal, platform: XP, platformName: XP, rotatable: false, setWindowRect: true, takesHeapSnapshot: true, takesScreenshot: true, unexpectedAlertBehaviour: , unhandledPromptBehavior: , version: 63.0.3239.132, webStorageEnabled: true}&#10;Session ID: 28a970a8fbc1859357d274410265f562" type="org.openqa.selenium.NoSuchSessionException">org.openqa.selenium.NoSuchSessionException: 
no such session
  (Driver info: chromedriver=2.33.506120 (e3e53437346286c0bc2d2dc9aa4915ba81d9023f),platform=Windows NT 6.1.7601 SP1 x86_64) (WARNING: The server did not provide any stacktrace information)
Command duration or timeout: 0 milliseconds
Build info: version: '3.8.1', revision: '6e95a6684b', time: '2017-12-01T18:33:54.468Z'
System info: host: 'DAAS-SAPTS-V007', ip: '10.49.72.49', os.name: 'Windows 7', os.arch: 'x86', os.version: '6.1', java.version: '1.8.0_161'
Driver info: org.openqa.selenium.chrome.ChromeDriver
Capabilities {acceptSslCerts: true, applicationCacheEnabled: false, browserConnectionEnabled: false, browserName: chrome, chrome: {chromedriverVersion: 2.33.506120 (e3e53437346286..., userDataDir: C:\Users\padivv2\AppData\Lo...}, cssSelectorsEnabled: true, databaseEnabled: false, handlesAlerts: true, hasTouchScreen: false, javascriptEnabled: true, locationContextEnabled: true, mobileEmulationEnabled: false, nativeEvents: true, networkConnectionEnabled: false, pageLoadStrategy: normal, platform: XP, platformName: XP, rotatable: false, setWindowRect: true, takesHeapSnapshot: true, takesScreenshot: true, unexpectedAlertBehaviour: , unhandledPromptBehavior: , version: 63.0.3239.132, webStorageEnabled: true}
Session ID: 28a970a8fbc1859357d274410265f562
	at Mathi.Test.RequestaccessvalidationTestB.onTestSuccess(RequestaccessvalidationTestB.java:252)
</failure>
  </testcase>
</testsuite>