<?xml version="1.0" encoding="UTF-8"?>
<!-- Generated by org.testng.reporters.JUnitXMLReporter -->
<testsuite hostname="DAAS-SAPTS-V007" ignored="0" name="professional.com" tests="23" failures="6" timestamp="16 Feb 2018 16:06:13 GMT" time="79.538" errors="0">
  <testcase name="@AfterMethod onTestSuccess" time="0.502" classname="Mathi.Test.SeleniumQC2">
    <failure type="org.openqa.selenium.NoSuchSessionException" message="no such session
  (Driver info: chromedriver=2.33.506120 (e3e53437346286c0bc2d2dc9aa4915ba81d9023f),platform=Windows NT 6.1.7601 SP1 x86_64) (WARNING: The server did not provide any stacktrace information)
Command duration or timeout: 0 milliseconds
Build info: version: &amp;apos;3.8.1&amp;apos;, revision: &amp;apos;6e95a6684b&amp;apos;, time: &amp;apos;2017-12-01T18:33:54.468Z&amp;apos;
System info: host: &amp;apos;DAAS-SAPTS-V007&amp;apos;, ip: &amp;apos;10.49.72.49&amp;apos;, os.name: &amp;apos;Windows 7&amp;apos;, os.arch: &amp;apos;x86&amp;apos;, os.version: &amp;apos;6.1&amp;apos;, java.version: &amp;apos;1.8.0_161&amp;apos;
Driver info: org.openqa.selenium.chrome.ChromeDriver
Capabilities {acceptSslCerts: true, applicationCacheEnabled: false, browserConnectionEnabled: false, browserName: chrome, chrome: {chromedriverVersion: 2.33.506120 (e3e53437346286..., userDataDir: C:\Users\padivv2\AppData\Lo...}, cssSelectorsEnabled: true, databaseEnabled: false, handlesAlerts: true, hasTouchScreen: false, javascriptEnabled: true, locationContextEnabled: true, mobileEmulationEnabled: false, nativeEvents: true, networkConnectionEnabled: false, pageLoadStrategy: normal, platform: XP, platformName: XP, rotatable: false, setWindowRect: true, takesHeapSnapshot: true, takesScreenshot: true, unexpectedAlertBehaviour: , unhandledPromptBehavior: , version: 63.0.3239.132, webStorageEnabled: true}
Session ID: 46d537c07ffe97f4a2d45047d672ec0f">
      <![CDATA[org.openqa.selenium.NoSuchSessionException: no such session
  (Driver info: chromedriver=2.33.506120 (e3e53437346286c0bc2d2dc9aa4915ba81d9023f),platform=Windows NT 6.1.7601 SP1 x86_64) (WARNING: The server did not provide any stacktrace information)
Command duration or timeout: 0 milliseconds
Build info: version: '3.8.1', revision: '6e95a6684b', time: '2017-12-01T18:33:54.468Z'
System info: host: 'DAAS-SAPTS-V007', ip: '10.49.72.49', os.name: 'Windows 7', os.arch: 'x86', os.version: '6.1', java.version: '1.8.0_161'
Driver info: org.openqa.selenium.chrome.ChromeDriver
Capabilities {acceptSslCerts: true, applicationCacheEnabled: false, browserConnectionEnabled: false, browserName: chrome, chrome: {chromedriverVersion: 2.33.506120 (e3e53437346286..., userDataDir: C:\Users\padivv2\AppData\Lo...}, cssSelectorsEnabled: true, databaseEnabled: false, handlesAlerts: true, hasTouchScreen: false, javascriptEnabled: true, locationContextEnabled: true, mobileEmulationEnabled: false, nativeEvents: true, networkConnectionEnabled: false, pageLoadStrategy: normal, platform: XP, platformName: XP, rotatable: false, setWindowRect: true, takesHeapSnapshot: true, takesScreenshot: true, unexpectedAlertBehaviour: , unhandledPromptBehavior: , version: 63.0.3239.132, webStorageEnabled: true}
Session ID: 46d537c07ffe97f4a2d45047d672ec0f
	at org.openqa.selenium.remote.ErrorHandler.createThrowable(ErrorHandler.java:214)
	at org.openqa.selenium.remote.ErrorHandler.throwIfResponseFailed(ErrorHandler.java:166)
	at org.openqa.selenium.remote.http.JsonHttpResponseCodec.reconstructValue(JsonHttpResponseCodec.java:40)
	at org.openqa.selenium.remote.http.AbstractHttpResponseCodec.decode(AbstractHttpResponseCodec.java:80)
	at org.openqa.selenium.remote.http.AbstractHttpResponseCodec.decode(AbstractHttpResponseCodec.java:44)
	at org.openqa.selenium.remote.HttpCommandExecutor.execute(HttpCommandExecutor.java:164)
	at org.openqa.selenium.remote.service.DriverCommandExecutor.execute(DriverCommandExecutor.java:83)
	at org.openqa.selenium.remote.RemoteWebDriver.execute(RemoteWebDriver.java:601)
	at org.openqa.selenium.remote.RemoteWebDriver.execute(RemoteWebDriver.java:658)
	at org.openqa.selenium.remote.RemoteWebDriver.getScreenshotAs(RemoteWebDriver.java:343)
	at Mathi.Test.SeleniumQC2.onTestSuccess(SeleniumQC2.java:80)
... Removed 31 stack frames]]>
    </failure>
  </testcase> <!-- @AfterMethod onTestSuccess -->
  <testcase name="@AfterMethod onTestSuccess" time="0.36" classname="Mathi.Test.RequestaccessvalidationTestB">
    <failure type="org.openqa.selenium.NoSuchSessionException" message="no such session
  (Driver info: chromedriver=2.33.506120 (e3e53437346286c0bc2d2dc9aa4915ba81d9023f),platform=Windows NT 6.1.7601 SP1 x86_64) (WARNING: The server did not provide any stacktrace information)
Command duration or timeout: 0 milliseconds
Build info: version: &amp;apos;3.8.1&amp;apos;, revision: &amp;apos;6e95a6684b&amp;apos;, time: &amp;apos;2017-12-01T18:33:54.468Z&amp;apos;
System info: host: &amp;apos;DAAS-SAPTS-V007&amp;apos;, ip: &amp;apos;10.49.72.49&amp;apos;, os.name: &amp;apos;Windows 7&amp;apos;, os.arch: &amp;apos;x86&amp;apos;, os.version: &amp;apos;6.1&amp;apos;, java.version: &amp;apos;1.8.0_161&amp;apos;
Driver info: org.openqa.selenium.chrome.ChromeDriver
Capabilities {acceptSslCerts: true, applicationCacheEnabled: false, browserConnectionEnabled: false, browserName: chrome, chrome: {chromedriverVersion: 2.33.506120 (e3e53437346286..., userDataDir: C:\Users\padivv2\AppData\Lo...}, cssSelectorsEnabled: true, databaseEnabled: false, handlesAlerts: true, hasTouchScreen: false, javascriptEnabled: true, locationContextEnabled: true, mobileEmulationEnabled: false, nativeEvents: true, networkConnectionEnabled: false, pageLoadStrategy: normal, platform: XP, platformName: XP, rotatable: false, setWindowRect: true, takesHeapSnapshot: true, takesScreenshot: true, unexpectedAlertBehaviour: , unhandledPromptBehavior: , version: 63.0.3239.132, webStorageEnabled: true}
Session ID: 612fdf80cc38f8cf72c6cec19eb5be4b">
      <![CDATA[org.openqa.selenium.NoSuchSessionException: no such session
  (Driver info: chromedriver=2.33.506120 (e3e53437346286c0bc2d2dc9aa4915ba81d9023f),platform=Windows NT 6.1.7601 SP1 x86_64) (WARNING: The server did not provide any stacktrace information)
Command duration or timeout: 0 milliseconds
Build info: version: '3.8.1', revision: '6e95a6684b', time: '2017-12-01T18:33:54.468Z'
System info: host: 'DAAS-SAPTS-V007', ip: '10.49.72.49', os.name: 'Windows 7', os.arch: 'x86', os.version: '6.1', java.version: '1.8.0_161'
Driver info: org.openqa.selenium.chrome.ChromeDriver
Capabilities {acceptSslCerts: true, applicationCacheEnabled: false, browserConnectionEnabled: false, browserName: chrome, chrome: {chromedriverVersion: 2.33.506120 (e3e53437346286..., userDataDir: C:\Users\padivv2\AppData\Lo...}, cssSelectorsEnabled: true, databaseEnabled: false, handlesAlerts: true, hasTouchScreen: false, javascriptEnabled: true, locationContextEnabled: true, mobileEmulationEnabled: false, nativeEvents: true, networkConnectionEnabled: false, pageLoadStrategy: normal, platform: XP, platformName: XP, rotatable: false, setWindowRect: true, takesHeapSnapshot: true, takesScreenshot: true, unexpectedAlertBehaviour: , unhandledPromptBehavior: , version: 63.0.3239.132, webStorageEnabled: true}
Session ID: 612fdf80cc38f8cf72c6cec19eb5be4b
	at org.openqa.selenium.remote.ErrorHandler.createThrowable(ErrorHandler.java:214)
	at org.openqa.selenium.remote.ErrorHandler.throwIfResponseFailed(ErrorHandler.java:166)
	at org.openqa.selenium.remote.http.JsonHttpResponseCodec.reconstructValue(JsonHttpResponseCodec.java:40)
	at org.openqa.selenium.remote.http.AbstractHttpResponseCodec.decode(AbstractHttpResponseCodec.java:80)
	at org.openqa.selenium.remote.http.AbstractHttpResponseCodec.decode(AbstractHttpResponseCodec.java:44)
	at org.openqa.selenium.remote.HttpCommandExecutor.execute(HttpCommandExecutor.java:164)
	at org.openqa.selenium.remote.service.DriverCommandExecutor.execute(DriverCommandExecutor.java:83)
	at org.openqa.selenium.remote.RemoteWebDriver.execute(RemoteWebDriver.java:601)
	at org.openqa.selenium.remote.RemoteWebDriver.execute(RemoteWebDriver.java:658)
	at org.openqa.selenium.remote.RemoteWebDriver.getScreenshotAs(RemoteWebDriver.java:343)
	at Mathi.Test.RequestaccessvalidationTestB.onTestSuccess(RequestaccessvalidationTestB.java:252)
... Removed 30 stack frames]]>
    </failure>
  </testcase> <!-- @AfterMethod onTestSuccess -->
  <testcase name="Launchbrowser" time="10.558" classname="Mathi.Test.RequestaccessvalidationTestB"/>
  <testcase name="LaunchBrowser" time="6.887" classname="Mathi.Test.SeleniumQC2"/>
  <testcase name="SelectRegion" time="11.024" classname="Mathi.Test.RequestaccessvalidationTestB"/>
  <testcase name="Enterlogin" time="0.732" classname="Mathi.Test.SeleniumQC2"/>
  <testcase name="ClickSubmit" time="10.933" classname="Mathi.Test.RequestaccessvalidationTestB"/>
  <testcase name="Enterpassword" time="0.594" classname="Mathi.Test.SeleniumQC2"/>
  <testcase name="ValidateHeaderErrormessages" time="0.428" classname="Mathi.Test.RequestaccessvalidationTestB">
    <failure type="java.lang.AssertionError" message="expected [Please correct the errors below.] but found [Please correct the error below.]">
      <![CDATA[java.lang.AssertionError: expected [Please correct the errors below.] but found [Please correct the error below.]
	at Mathi.Test.RequestaccessvalidationTestB.ValidateHeaderErrormessages(RequestaccessvalidationTestB.java:96)
... Removed 31 stack frames]]>
    </failure>
  </testcase> <!-- ValidateHeaderErrormessages -->
  <testcase name="ClickSubmit" time="10.63" classname="Mathi.Test.SeleniumQC2"/>
  <testcase name="ValidateEmailErrormessages" time="0.557" classname="Mathi.Test.RequestaccessvalidationTestB">
    <failure type="java.lang.AssertionError" message="expected [Please enter an e-mail address] but found [Please enter an email address]">
      <![CDATA[java.lang.AssertionError: expected [Please enter an e-mail address] but found [Please enter an email address]
	at Mathi.Test.RequestaccessvalidationTestB.ValidateEmailErrormessages(RequestaccessvalidationTestB.java:105)
... Removed 31 stack frames]]>
    </failure>
  </testcase> <!-- ValidateEmailErrormessages -->
  <testcase name="CheckPagetile" time="0.231" classname="Mathi.Test.SeleniumQC2"/>
  <testcase name="ValidatepasswordErrormessages" time="0.425" classname="Mathi.Test.RequestaccessvalidationTestB">
    <failure type="java.lang.AssertionError" message="expected [Password must contain seven characters or more] but found [Password must contain seven characters or more ]">
      <![CDATA[java.lang.AssertionError: expected [Password must contain seven characters or more] but found [Password must contain seven characters or more ]
	at Mathi.Test.RequestaccessvalidationTestB.ValidatepasswordErrormessages(RequestaccessvalidationTestB.java:116)
... Removed 31 stack frames]]>
    </failure>
  </testcase> <!-- ValidatepasswordErrormessages -->
  <testcase name="Closebrowser" time="2.847" classname="Mathi.Test.SeleniumQC2"/>
  <testcase name="ValidateFNErrormessages" time="0.42" classname="Mathi.Test.RequestaccessvalidationTestB">
    <failure type="java.lang.AssertionError" message="expected [Please enter a first name] but found [Please enter first name]">
      <![CDATA[java.lang.AssertionError: expected [Please enter a first name] but found [Please enter first name]
	at Mathi.Test.RequestaccessvalidationTestB.ValidateFNErrormessages(RequestaccessvalidationTestB.java:127)
... Removed 31 stack frames]]>
    </failure>
  </testcase> <!-- ValidateFNErrormessages -->
  <testcase name="ValidateLNErrormessages" time="0.404" classname="Mathi.Test.RequestaccessvalidationTestB"/>
  <testcase name="ValidateFacilityErrormessages" time="0.412" classname="Mathi.Test.RequestaccessvalidationTestB"/>
  <testcase name="ValidateAddress1Errormessages" time="0.422" classname="Mathi.Test.RequestaccessvalidationTestB"/>
  <testcase name="ValidateCityErrormessages" time="0.382" classname="Mathi.Test.RequestaccessvalidationTestB"/>
  <testcase name="ValidateStateErrormessages" time="0.428" classname="Mathi.Test.RequestaccessvalidationTestB">
    <failure type="java.lang.AssertionError" message="expected [Please select a state] but found [Please ]">
      <![CDATA[java.lang.AssertionError: expected [Please select a state] but found [Please ]
	at Mathi.Test.RequestaccessvalidationTestB.ValidateStateErrormessages(RequestaccessvalidationTestB.java:184)
... Removed 31 stack frames]]>
    </failure>
  </testcase> <!-- ValidateStateErrormessages -->
  <testcase name="ValidateZipcodeErrormessages" time="0.414" classname="Mathi.Test.RequestaccessvalidationTestB">
    <failure type="java.lang.AssertionError" message="expected [Please enter a ZIP/Postal Code] but found [Please enter ]">
      <![CDATA[java.lang.AssertionError: expected [Please enter a ZIP/Postal Code] but found [Please enter ]
	at Mathi.Test.RequestaccessvalidationTestB.ValidateZipcodeErrormessages(RequestaccessvalidationTestB.java:196)
... Removed 31 stack frames]]>
    </failure>
  </testcase> <!-- ValidateZipcodeErrormessages -->
  <testcase name="ValidatePhoneErrormessages" time="0.523" classname="Mathi.Test.RequestaccessvalidationTestB"/>
  <testcase name="ValidateSpecialityErrormessages" time="0.391" classname="Mathi.Test.RequestaccessvalidationTestB"/>
  <testcase name="ValidateHCPCheckboxErrormessages" time="0.441" classname="Mathi.Test.RequestaccessvalidationTestB"/>
  <testcase name="Closebrowser" time="2.829" classname="Mathi.Test.RequestaccessvalidationTestB"/>
</testsuite> <!-- professional.com -->
